/*C9*/SET SCHEMA PUBLIC
INSERT INTO COMPANYENTITY VALUES('android',0.0E0,'android')
COMMIT
INSERT INTO TWEETENTITY VALUES(384,291993997587664896,'2013-01-17 20:42:48.000000',0,'I''ve harvested 1,020 of food! http://t.co/bDIObbgl #android, #androidgames, #gameinsight','Dale Dukes')
COMMIT
INSERT INTO TWEETENTITY VALUES(385,291994000007782400,'2013-01-17 20:42:49.000000',0,'\u042f \u043f\u0440\u043e\u0448\u0435\u043b \u043a\u0432\u0435\u0441\u0442 ''\u0421\u043d\u0435\u0441\u0442\u0438 \u0445\u0438\u0436\u0438\u043d\u0443 \u041c\u0443\u0440\u043b\u043e\u0434\u043e\u0432.'' \u0432 The Tribez \u043d\u0430 #Android.http://t.co/C14Ty2ss #androidgames, #gameinsight','\u041c\u0430\u043b\u0438\u043d\u0430 \u0410\u043d\u043d\u0430')
COMMIT
INSERT INTO TWEETENTITY VALUES(386,291994000435597312,'2013-01-17 20:42:49.000000',0,'Je viens d''atteindre le niveau 16 dans le jeu Mystery Manor! http://t.co/kFC5KJOO #android #androidgames #gameinsight','catelin ophelie')
COMMIT
INSERT INTO TWEETENTITY VALUES(387,291994000469139456,'2013-01-17 20:42:49.000000',0,'I''ve collected 10,225 gold coins! http://t.co/0UgaXBF8 #android, #androidgames, #gameinsight','Akash')
COMMIT
INSERT INTO TWEETENTITY VALUES(388,291994000955686912,'2013-01-17 20:42:49.000000',0,'android kullananlar RT lesin \u00e7ok \u00f6nemliiii','Atilla Bilgi\u00e7 \u2655')
COMMIT
INSERT INTO TWEETENTITY VALUES(389,291994001765171200,'2013-01-17 20:42:49.000000',0,'Lol that''s some fuck shit. RT "@ErrthangIsWavyy: Sorry ahh android users don''t got the Temple Run 2. \ud83d\ude02\ud83d\ude02\ud83d\ude02"','Mr. Heisenberg')
COMMIT
INSERT INTO TWEETENTITY VALUES(390,291994001752596480,'2013-01-17 20:42:49.000000',0,'L''\u00eele du Paradis - meilleur jeu sur Android ! http://t.co/E8QfZgpD\u000aMon code ami\u00a0: 984ac0\u000a #android #androidgames #gameinsight','menardo johnny')
COMMIT
INSERT INTO TWEETENTITY VALUES(391,291994002197213185,'2013-01-17 20:42:49.000000',0,'The "Farm" collection in Big Business has been completed! 97 http://t.co/GF1aGGQa #android #gameinsight #androidgames','kitifi')
COMMIT
INSERT INTO TWEETENTITY VALUES(392,291994002331410433,'2013-01-17 20:42:49.000000',0,'I''ve just received an achievement: Christmas Miracle http://t.co/XFBt36T0 #Android #Androidgames #Gameinsight','Ruby Jametsky')
COMMIT
INSERT INTO TWEETENTITY VALUES(393,291994001903607808,'2013-01-17 20:42:49.000000',0,'\u042f \u043f\u0440\u043e\u0448\u0435\u043b \u043a\u0432\u0435\u0441\u0442 ''\u041d\u0430\u0439\u0442\u0438 \u0433\u0438\u0442\u0430\u0440\u044b, \u043c\u0430\u0440\u0430\u043a\u0430\u0441\u044b \u0438 \u0448\u043b\u044f\u043f\u044b \u0434\u043b\u044f \u043c\u0443\u0437...'' \u0432 The Tribez \u043d\u0430 #Android.http://t.co/HfsIoSdd #androidgames, #gameinsight','\u0421\u0441\u044e\u0445\u0438\u043d \u0418\u043b\u044c\u044f')
COMMIT
INSERT INTO TWEETENTITY VALUES(394,291994004093034496,'2013-01-17 20:42:50.000000',0,'started a #runtastic live tracking session. See my progress live and cheer me on: http://t.co/8LEdwzKr #runtastic #Android','pitz bull')
COMMIT
INSERT INTO TWEETENTITY VALUES(395,291994004948676609,'2013-01-17 20:42:50.000000',0,'\u042f \u043f\u0440\u043e\u0448\u0435\u043b \u043a\u0432\u0435\u0441\u0442 ''\u041f\u0440\u0435\u0434\u0441\u043a\u0430\u0437\u0430\u043d\u0438\u044f \u0441\u0431\u044b\u0432\u0430\u044e\u0442\u0441\u044f.'' \u0432 The Tribez \u043d\u0430 #Android.http://t.co/sji5Szxw #androidgames, #gameinsight','\u0432\u0430\u0441\u0438\u043b\u0438\u0439 \u0438\u0432\u0430\u043d\u043e\u0432')
COMMIT
INSERT INTO TWEETENTITY VALUES(396,291994005078671360,'2013-01-17 20:42:50.000000',0,'New 3 class "Reseacher" award received! 52 http://t.co/LeOFWsZ2 #android #gameinsight #androidgames','Sabrina Abshire')
COMMIT
INSERT INTO TWEETENTITY VALUES(397,291994005393244160,'2013-01-17 20:42:50.000000',0,'\u041f\u0440\u0438\u0445\u043e\u0434\u0438 \u043e\u0442\u043f\u0440\u0430\u0437\u0434\u043d\u043e\u0432\u0430\u0442\u044c \u0432\u044b\u043f\u043e\u043b\u043d\u0435\u043d\u043d\u043e\u0435 \u043c\u043d\u043e\u0439 \u0437\u0430\u0434\u0430\u043d\u0438\u0435 "\u0421\u0442\u0430\u0442\u0443\u044f \u0414\u0430\u0432\u0438\u0434\u0430" \u0432 \u041a\u043e\u0440\u043e\u043b\u0435\u0432\u0441\u0442\u0432\u0435!http://t.co/H8h6hDRU #Android #AndroidGames #GameInsight','ivan ivanov')
COMMIT
INSERT INTO TWEETENTITY VALUES(398,291994011613405186,'2013-01-17 20:42:52.000000',0,'@TechGeek_Guy Galaxy Note 8? Is that inches or feet? The way Android devices are growing, I\u2019m never certain. ;)','Steve Paris')
COMMIT
INSERT INTO TWEETENTITY VALUES(399,291994016894029824,'2013-01-17 20:42:53.000000',0,'The "Printing office" collection in Big Business has been completed! 24 http://t.co/GF1aGGQa #android #gameinsight #androidgames','kitifi')
COMMIT
INSERT INTO TWEETENTITY VALUES(400,291994018546606080,'2013-01-17 20:42:53.000000',0,'I have completed the quest ''Find the items req...'' in the #Android game The Tribez. http://t.co/Cv7mimfy #androidgames, #gameinsight','ut tran')
COMMIT
INSERT INTO TWEETENTITY VALUES(401,291994021977542656,'2013-01-17 20:42:54.000000',0,'RT @preyproject: Prey for Android 0.5.6 supports front camera, uninstallation lock, and hardware information | Prey Answers http://t.co/ ...','Paulo Guajardo')
COMMIT
INSERT INTO TWEETENTITY VALUES(402,291994022388563968,'2013-01-17 20:42:54.000000',0,'New 5 class "New is best" award received! 70 http://t.co/Y873zeMe #android #gameinsight #androidgames','Sam J R Mentzer')
COMMIT
INSERT INTO TWEETENTITY VALUES(403,291994023017709569,'2013-01-17 20:42:54.000000',0,'Look what I have caught! http://t.co/ACzl8JuM #Android #AndroidGames #gameinsight #drimmi http://t.co/mjBeuFdu','\u9673\u76c8\u6770')
COMMIT
INSERT INTO TWEETENTITY VALUES(404,291994025710456833,'2013-01-17 20:42:55.000000',0,'NOOO.. ANDROID HJ AMANH\u00c3 E SEMPRE AT\u00c9 QUE A ATUALIZA\u00c7\u00c3O ME SEPARE! By: Ana... \u2014 NDA HAVER TIA '' RSRS http://t.co/VVvMp0EJ','M\u00e1rcio vinicius')
COMMIT
INSERT INTO TWEETENTITY VALUES(405,291994028319313920,'2013-01-17 20:42:55.000000',0,'Temple Run 2: tutte le info e link download iPad. Presto anche per Android: http://t.co/ekak29PV','dphoneworld')
COMMIT
INSERT INTO TWEETENTITY VALUES(406,291994030219358208,'2013-01-17 20:42:56.000000',0,'Escuchando Te necesito - S\u00faper Lamas desde PlayerPro@Android','Teresita Ak\u00e9 :) \u2665')
COMMIT
INSERT INTO TWEETENTITY VALUES(407,291994030651367426,'2013-01-17 20:42:56.000000',0,'Belohnung erhalten: Zerschmetterer http://t.co/3446qxds #Android #Androidgames #Gameinsight','Karol Biernacki')
COMMIT
/*C8*/SET SCHEMA PUBLIC
DELETE FROM COMPANYENTITY WHERE COMPANYNAME='android'
INSERT INTO COMPANYENTITY VALUES('android',0.5E0,'android')
COMMIT
/*C9*/INSERT INTO TWEETENTITY VALUES(408,291994031834140672,'2013-01-17 20:42:56.000000',0,'The "Heavy machinery" collection in Big Business has been completed! 20 http://t.co/GF1aGGQa #android #gameinsight #androidgames','kitifi')
COMMIT
INSERT INTO TWEETENTITY VALUES(409,291994033503494144,'2013-01-17 20:42:57.000000',0,'Galaxy Note 10.1 Tablet with Android (Wi-Fi) 32GB | Samsung GT-N8013 http://t.co/1f0lfysa #samsungusa','Rolexso')
COMMIT
INSERT INTO TWEETENTITY VALUES(410,291994033948086274,'2013-01-17 20:42:57.000000',0,'Check out WhatsApp Messenger for Android, iPhone, Nokia, BlackBerry and Windows Phone. Download it today from http://t.co/m4sQUpTd','Sanior \u2661  ')
COMMIT
INSERT INTO TWEETENTITY VALUES(411,291994034568847362,'2013-01-17 20:42:57.000000',0,'Samsung Galaxy S & Android 4.2.1 http://t.co/L5IoB8zh v\u00eda @sharethis','Z-Picado')
COMMIT
INSERT INTO TWEETENTITY VALUES(412,291994036045242368,'2013-01-17 20:42:57.000000',0,'Libre Office Tutorial 3: Creating and Saving New Document | #Opensource, #Linux and Android Documentation http://t.co/rlDh1TgT','FOSS Documentation')
COMMIT
INSERT INTO TWEETENTITY VALUES(413,291994037370626048,'2013-01-17 20:42:58.000000',0,'Trying out Echofon pro for Android','wejuli \u30c4')
COMMIT
INSERT INTO TWEETENTITY VALUES(414,291994037504843776,'2013-01-17 20:42:58.000000',0,'\u042f \u043f\u0440\u043e\u0448\u0435\u043b \u043a\u0432\u0435\u0441\u0442 ''\u041f\u0440\u043e\u0432\u0435\u0441\u0442\u0438 \u0424\u0435\u0441\u0442\u0438\u0432\u0430\u043b\u044c.'' \u0432 The Tribez \u043d\u0430 #Android.http://t.co/uYIjORFs #androidgames, #gameinsight','\u0418\u043d\u0434\u0435\u0440\u0431\u0438\u0435\u0432\u0430 \u0417\u0430\u043b\u0438\u043d\u0430')
COMMIT
INSERT INTO TWEETENTITY VALUES(415,291994038951890946,'2013-01-17 20:42:58.000000',0,'\u041c\u043e\u0435 \u043d\u043e\u0432\u043e\u0435 \u0434\u043e\u0441\u0442\u0438\u0436\u0435\u043d\u0438\u0435 `\u0411\u0438\u0437\u043d\u0435...`. \u041f\u043e\u043f\u0440\u043e\u0431\u0443\u0439 \u043f\u0440\u0435\u0432\u0437\u043e\u0439\u0442\u0438 \u043c\u0435\u043d\u044f \u0432 The Tribez \u0434\u043b\u044f #Android! http://t.co/bB8I2Vhl #androidgames, #gameinsight','\u041c\u0430\u043b\u0438\u043d\u0430 \u0410\u043d\u043d\u0430')
COMMIT
INSERT INTO TWEETENTITY VALUES(416,291994038998032384,'2013-01-17 20:42:58.000000',0,'RT @MikeBeas: Better than Android works.\u000a\u000aRT @9to5mac: Larry Page on Jobs\u2019 Thermonuclear War: \u2018How well is that working for them?\u2019 http: ...','NSLogan')
COMMIT
INSERT INTO TWEETENTITY VALUES(417,291994038993833984,'2013-01-17 20:42:58.000000',0,'\u0423\u0440\u0430, \u043a\u043e\u043b\u043b\u0435\u043a\u0446\u0438\u044f \u0422\u043e\u043b\u044c\u043a\u043e \u0432\u043f\u0435\u0440\u0435\u0434! \u043d\u0430\u043a\u043e\u043d\u0435\u0446 \u0441\u043e\u0431\u0440\u0430\u043d\u0430! \u000ahttp://t.co/cFAnJU9G #android #androidgames #gameinsight','\u0438\u0440\u0438\u043d\u0430 \u0445\u0430\u0431\u0438\u0440\u043e\u0432\u0430')
COMMIT
INSERT INTO TWEETENTITY VALUES(418,291994041682391040,'2013-01-17 20:42:59.000000',0,'Ich habe im Spiel The Tribez f\u00fcr #Android die Mission ''Finde die...'' abgeschlossen. http://t.co/9Op2yeIP #androidgames, #gameinsight','Christian Treutz')
COMMIT
INSERT INTO TWEETENTITY VALUES(419,291994044236718080,'2013-01-17 20:42:59.000000',0,'\u042f \u043f\u0440\u043e\u0448\u0435\u043b \u043a\u0432\u0435\u0441\u0442 ''\u0423\u043b\u0443\u0447\u0448\u0435\u043d\u0438\u0435 \u0421\u0432\u044f\u0442\u0438\u043b\u0438\u0449\u0430 \u0414\u0440\u0435\u0432\u043d\u0438\u0445.'' \u0432 The Tribez \u043d\u0430 #Android.http://t.co/FwrQIiNq #androidgames, #gameinsight','Irina Zverkova')
COMMIT
INSERT INTO TWEETENTITY VALUES(420,291994045977346048,'2013-01-17 20:43:00.000000',0,'\u30e2\u30a4\uff01Android\u304b\u3089\u30c4\u30a4\u30ad\u30e3\u30b9\u3067\u914d\u4fe1\u4e2d - http://t.co/3NYye3fa','\u3072\u306a')
COMMIT
INSERT INTO TWEETENTITY VALUES(421,291994046635855872,'2013-01-17 20:43:00.000000',0,'I''ve just received an achievement: Christmas celebrator http://t.co/XFBt36T0 #Android #Androidgames #Gameinsight','Ruby Jametsky')
COMMIT
INSERT INTO TWEETENTITY VALUES(422,291994048342917120,'2013-01-17 20:43:00.000000',0,'\u00c9chale un vistazo a WhatsApp Messenger para Android, iPhone, Nokia, BlackBerry y Windows Phone. B\u00e1jatelo de http://t.co/FlTdvzVk','Ronald')
COMMIT
INSERT INTO TWEETENTITY VALUES(423,291994049336995840,'2013-01-17 20:43:01.000000',0,'Temple Run 2: tutte le info e link download iPad. Presto anche per Android http://t.co/6EPQMUrV','dphoneworld')
COMMIT
INSERT INTO TWEETENTITY VALUES(424,291994050830168066,'2013-01-17 20:43:01.000000',0,'The "Farm" collection in Big Business has been completed! 87 http://t.co/GF1aGGQa #android #gameinsight #androidgames','kitifi')
COMMIT
INSERT INTO TWEETENTITY VALUES(425,291994050796609536,'2013-01-17 20:43:01.000000',0,'selamun aleykum c\u00fcmleten @alimemduhoglu @pediatrihemsire @mehmet_sntrk ewet mehmet karde\u015f do\u011fru s\u00f6yl\u00fcyor Ali bey  android markette \u00fccretsiz','~fevziaksoy~')
COMMIT
INSERT INTO TWEETENTITY VALUES(426,291994049026592768,'2013-01-17 20:43:01.000000',0,'Start playing Rock the Vegas on Android! http://t.co/hY646Ajb #Android #Androidgames #Gameinsight http://t.co/5uTXQ6Ca','islandparadis')
COMMIT
INSERT INTO TWEETENTITY VALUES(427,291994051090210816,'2013-01-17 20:43:01.000000',0,'#Free #android #apps #1: From Cheese: From Cheese by SpinVector S.p.A. (20)Buy new: $1.00  $0... http://t.co/MykOmlVU newest #Top10 #app','Enchant\u00e9 ZazzleGifts')
COMMIT
INSERT INTO TWEETENTITY VALUES(428,291994051807428608,'2013-01-17 20:43:01.000000',0,'Mediafire for Android, 50 Gbytes gratis en la nube. http://t.co/cyb6QZ4E','Ever Huera')
COMMIT
INSERT INTO TWEETENTITY VALUES(429,291994053124440065,'2013-01-17 20:43:01.000000',0,'#Top10 #Free #1: From Cheese http://t.co/RwL0EZZE Android #Apps','AppsTopTen')
COMMIT
INSERT INTO TWEETENTITY VALUES(430,291994054105911297,'2013-01-17 20:43:02.000000',0,'\u0412\u0438\u043b\u043b\u0430 \u0440\u0430\u0434\u0443\u0435\u0442 \u0442\u0443\u0437\u0435\u043c\u0446\u0435\u0432! \u0422\u0435\u043f\u0435\u0440\u044c \u043c\u043e\u0439 \u043e\u0441\u0442\u0440\u043e\u0432 \u0441\u0442\u0430\u043b \u0435\u0449\u0435 \u043a\u0440\u0443\u0447\u0435! http://t.co/PtYEYakJ #android, #androidgames, #gameinsight','haimovichev')
COMMIT
INSERT INTO TWEETENTITY VALUES(431,291994053715849216,'2013-01-17 20:43:02.000000',0,'RT @Shiku_K: My Temple Run peeps, there''s Temple Run 2 out, for iOS...the android version drops next week. #ThankMeLater','IRISIRISH :-)')
COMMIT
INSERT INTO TWEETENTITY VALUES(432,291994058954522624,'2013-01-17 20:43:03.000000',0,'Get Mystery Manor for free! Enter my code - 1330a7 - to get bonuses! http://t.co/lu4XhsAC #android #androidgames #gameinsight','Lori')
COMMIT
INSERT INTO TWEETENTITY VALUES(433,291994059050991617,'2013-01-17 20:43:03.000000',0,'of course temple run 2 isnt on the android market yet','Timothy Clarke')
COMMIT
INSERT INTO TWEETENTITY VALUES(434,291994059499786240,'2013-01-17 20:43:03.000000',0,'I''ve earned a new achievement: `Seer`. Try to beat me in the #Android game The Tribez! http://t.co/mc2HqNJB #androidgames, #gameinsight','Toby McGam')
COMMIT
INSERT INTO TWEETENTITY VALUES(435,291994063073337346,'2013-01-17 20:43:04.000000',0,'I''ve collected 10,050 gold coins! http://t.co/LKaWTJdj #android, #androidgames, #gameinsight','grefreeze')
COMMIT
INSERT INTO TWEETENTITY VALUES(436,291994063304007680,'2013-01-17 20:43:04.000000',0,'The "4G LTE DROID INCREDIBLE 4G LTE by HTC." This shit is exactly what is wrong with Android handset makers s\u2026 http://t.co/LpxmFOiq','Matt Bonney')
COMMIT
INSERT INTO TWEETENTITY VALUES(437,291994064885264384,'2013-01-17 20:43:04.000000',0,'RT @Sem__Rotulo: o meu telem\u00f3vel n\u00e3o \u00e9 android nem iPhone, tristeza de vida.','Catarina Louro')
COMMIT
INSERT INTO TWEETENTITY VALUES(438,291994064956563457,'2013-01-17 20:43:04.000000',0,'\u0428\u0438\u0440\u043e\u043a\u0430\u044f \u0434\u043e\u0440\u043e\u0433\u0430 \u0440\u0430\u0434\u0443\u0435\u0442 \u0442\u0443\u0437\u0435\u043c\u0446\u0435\u0432! \u0422\u0435\u043f\u0435\u0440\u044c \u043c\u043e\u0439 \u043e\u0441\u0442\u0440\u043e\u0432 \u0441\u0442\u0430\u043b \u0435\u0449\u0435 \u043a\u0440\u0443\u0447\u0435! http://t.co/sWA2Xdry #android, #androidgames, #gameinsight','Roman')
COMMIT
INSERT INTO TWEETENTITY VALUES(439,291994064889470976,'2013-01-17 20:43:04.000000',0,'Belohnung erhalten: Respektierter Handwerker http://t.co/1uht5Kn4 #Android #Androidgames #Gameinsight','angela steinhagen')
COMMIT
INSERT INTO TWEETENTITY VALUES(440,291994065522794496,'2013-01-17 20:43:04.000000',0,'The "Printing office" collection in Big Business has been completed! 54 http://t.co/GF1aGGQa #android #gameinsight #androidgames','kitifi')
COMMIT
INSERT INTO TWEETENTITY VALUES(441,291994065661214721,'2013-01-17 20:43:04.000000',0,'http://t.co/Dm0KpeCc can''t wait to play on Android','Satya SKJ')
COMMIT
INSERT INTO TWEETENTITY VALUES(442,291994068865654784,'2013-01-17 20:43:05.000000',0,'\u042f \u043f\u0440\u043e\u0448\u0435\u043b \u043a\u0432\u0435\u0441\u0442 ''\u041d\u0430\u0439\u0442\u0438 \u043f\u0440\u0435\u0434\u043c\u0435\u0442\u044b.'' \u0432 The Tribez \u043d\u0430 #Android.http://t.co/mFsnyssY #androidgames, #gameinsight','\u041f\u0435\u0442\u0440 \u0426\u043e\u0439')
COMMIT
INSERT INTO TWEETENTITY VALUES(443,291994072334348288,'2013-01-17 20:43:06.000000',0,'Hallo, ich empfehle dir den WhatsApp Messenger f\u00fcr Android, iPhone, Nokia, BlackBerry und Windows Phone auf http://t.co/i59xjXjN','Ahmed garwah')
COMMIT
INSERT INTO TWEETENTITY VALUES(444,291994072661504003,'2013-01-17 20:43:06.000000',0,'\u0421\u043a\u0430\u0447\u0430\u0439 \u0431\u0435\u0441\u043f\u043b\u0430\u0442\u043d\u043e \u0438\u0433\u0440\u0443 Paradise Island \u0434\u043b\u044f Android \u0438 \u0441\u0442\u0430\u043d\u044c \u043c\u043e\u0438\u043c \u0434\u0440\u0443\u0433\u043e\u043c http://t.co/G3LxlJLU #Android #Androidgames #Gameinsight','\u044e\u0440\u0438\u0439 \u043b\u0435\u043d\u0441\u043a\u0438\u0439')
COMMIT
INSERT INTO TWEETENTITY VALUES(445,291994073739448322,'2013-01-17 20:43:06.000000',0,'RT @AndroidAuth: 10 reasons why Android is still better than iOS http://t.co/f5WWl5qr','Robin Paterson')
COMMIT
INSERT INTO TWEETENTITY VALUES(446,291994074972581888,'2013-01-17 20:43:07.000000',0,'The Android 4.2.1 OTA update (GA02) is now available for the Galaxy Nexus Sprint - http://t.co/RYoHc5GO','gr3gland')
COMMIT
INSERT INTO TWEETENTITY VALUES(447,291994075178082305,'2013-01-17 20:43:07.000000',0,'\u041c\u043e\u0435 \u043d\u043e\u0432\u043e\u0435 \u0434\u043e\u0441\u0442\u0438\u0436\u0435\u043d\u0438\u0435 `\u041e\u0442\u0432\u0435\u0442...`. \u041f\u043e\u043f\u0440\u043e\u0431\u0443\u0439 \u043f\u0440\u0435\u0432\u0437\u043e\u0439\u0442\u0438 \u043c\u0435\u043d\u044f \u0432 The Tribez \u0434\u043b\u044f #Android! http://t.co/oU1RHprw #androidgames, #gameinsight','irina orexova')
COMMIT
INSERT INTO TWEETENTITY VALUES(448,291994074175664129,'2013-01-17 20:43:07.000000',0,'\u041d\u0430\u0447\u043d\u0438\u0442\u0435 \u0438\u0433\u0440\u0430\u0442\u044c \u0432 Paradise Island \u0434\u043b\u044f Android http://t.co/Hu3QDwhA #Android #Androidgames #Gameinsight http://t.co/W1RATKPZ','Adenya Ak')
COMMIT
INSERT INTO TWEETENTITY VALUES(449,291994077698871298,'2013-01-17 20:43:07.000000',0,'I''ve collected 126,155 gold coins! http://t.co/N3rpS9VQ #android, #androidgames, #gameinsight','\uc815\ub3d9\uc5f4')
COMMIT
INSERT INTO TWEETENTITY VALUES(450,291994078508351489,'2013-01-17 20:43:07.000000',0,'Zona OVNI es una app sobre el fen\u00f3meno. Lee los mejores casos, contacta con otros usuarios, testimonios... https://t.co/zlrMeTWB #android','Serial MMF Software')
COMMIT
INSERT INTO TWEETENTITY VALUES(451,291994079447900160,'2013-01-17 20:43:08.000000',0,'I''ve collected 24,022 gold coins! http://t.co/BV0PhNg2 #android, #androidgames, #gameinsight','Alexis_Parrish')
COMMIT
INSERT INTO TWEETENTITY VALUES(452,291994080420954113,'2013-01-17 20:43:08.000000',0,'The "Heavy machinery" collection in Big Business has been completed! 91 http://t.co/GF1aGGQa #android #gameinsight #androidgames','kitifi')
COMMIT
INSERT INTO TWEETENTITY VALUES(453,291994080773275648,'2013-01-17 20:43:08.000000',0,'Got to wait until next week for temple run 2, goddamn developers hating android','Nat')
COMMIT
INSERT INTO TWEETENTITY VALUES(454,291994079724720128,'2013-01-17 20:43:08.000000',0,'\u041d\u0430\u0447\u043d\u0438\u0442\u0435 \u0438\u0433\u0440\u0430\u0442\u044c \u0432 Paradise Island \u0434\u043b\u044f Android http://t.co/4aPyqcJK #Android #Androidgames #Gameinsight http://t.co/2r9vH7yd','\u044e\u0440\u0438\u0439 \u043b\u0435\u043d\u0441\u043a\u0438\u0439')
COMMIT
INSERT INTO TWEETENTITY VALUES(455,291994084946616321,'2013-01-17 20:43:09.000000',0,'\u042f \u043f\u0440\u043e\u0448\u0435\u043b \u043a\u0432\u0435\u0441\u0442 ''\u041d\u0430\u0439\u0442\u0438 5 \u0421\u043e\u0447\u043d\u044b\u0445 \u0444\u0440\u0443\u043a\u0442\u043e\u0432 \u043d\u0430 \u0443\u0447\u0430\u0441\u0442\u043a\u0430\u0445 \u0438 \u0432...'' \u0432 The Tribez \u043d\u0430 #Android.http://t.co/2b8txVF8 #androidgames, #gameinsight','\u041a\u043e\u0441\u0442\u044f \u0428\u0430\u0431\u0440\u043e\u0432')
COMMIT
INSERT INTO TWEETENTITY VALUES(456,291994087362531328,'2013-01-17 20:43:10.000000',0,'Ich habe im Spiel The Tribez f\u00fcr #Android die Mission ''Dinos Aus...'' abgeschlossen. http://t.co/UByzRomR #androidgames, #gameinsight','BigMeckem')
COMMIT
INSERT INTO TWEETENTITY VALUES(457,291994087568052224,'2013-01-17 20:43:10.000000',0,'RT: Fun app in Augmented Reality to have fun with T-Shirts for iPhone and Android http://t.co/9bBJhoWD #MentionA... http://t.co/NzlNV91u','AugmentedAdvertising')
COMMIT
INSERT INTO TWEETENTITY VALUES(458,291994087953944576,'2013-01-17 20:43:10.000000',0,'\u041c\u043e\u0435 \u043d\u043e\u0432\u043e\u0435 \u0434\u043e\u0441\u0442\u0438\u0436\u0435\u043d\u0438\u0435 `\u0412 \u043f\u043e\u0438...`. \u041f\u043e\u043f\u0440\u043e\u0431\u0443\u0439 \u043f\u0440\u0435\u0432\u0437\u043e\u0439\u0442\u0438 \u043c\u0435\u043d\u044f \u0432 The Tribez \u0434\u043b\u044f #Android! http://t.co/3tWbSIiN #androidgames, #gameinsight','haimovichev')
COMMIT
INSERT INTO TWEETENTITY VALUES(459,291994088134283265,'2013-01-17 20:43:10.000000',0,'Temple Run 2 Android release date confirmed http://t.co/c4nXw4rn','iNestdia')
COMMIT
INSERT INTO TWEETENTITY VALUES(460,291994088394354688,'2013-01-17 20:43:10.000000',0,'Temple Run 2 Android release date confirmed http://t.co/2IGfbc94','iNestdia')
COMMIT
INSERT INTO TWEETENTITY VALUES(461,291994088474030080,'2013-01-17 20:43:10.000000',0,'Eu tenho Canteiro na minha ilha! Agora ela est\u00e1 ainda mais incr\u00edvel! http://t.co/6xky0yMV #android, #androidgames, #gameinsightBR','fofo valerio ')
COMMIT
INSERT INTO TWEETENTITY VALUES(462,291994088771837952,'2013-01-17 20:43:10.000000',0,'Temple Run 2 Android release date confirmed http://t.co/xeus9Oez','Wind West')
COMMIT
INSERT INTO TWEETENTITY VALUES(463,291994089853960193,'2013-01-17 20:43:10.000000',0,'I''ve collected 166,341 gold coins! http://t.co/Ov4vj14N #android, #androidgames, #gameinsight','Jim beekhuizen')
COMMIT
INSERT INTO TWEETENTITY VALUES(464,291994091548471296,'2013-01-17 20:43:11.000000',0,'#Android AT&T reportedly looking towards Europe for a carrier acquisition http://t.co/xVhxHfTu #followback','AndroidBread')
COMMIT
INSERT INTO TWEETENTITY VALUES(465,291994091871408128,'2013-01-17 20:43:11.000000',0,'I''ve harvested 2,559 of food! http://t.co/z1QNneix #android, #androidgames, #gameinsight','Jim beekhuizen')
COMMIT
INSERT INTO TWEETENTITY VALUES(466,291994092005638145,'2013-01-17 20:43:11.000000',0,'Monsters problems? Use my code 59993738 to get a rare card!\u000aAndroid:https://t.co/ORpHQEcY\u000aiOS:http://t.co/wYgUs6T0\u000a[11:43:10]#FANTASICA','Britt')
COMMIT
INSERT INTO TWEETENTITY VALUES(467,291994093070974977,'2013-01-17 20:43:11.000000',0,'\u041f\u043e\u043b\u0443\u0447\u0438\u043b \u043d\u0430\u0433\u0440\u0430\u0434\u0443: \u0421\u043e\u0431\u0438\u0440\u0430\u0442\u0435\u043b\u044c \u0434\u043e\u0445\u043e\u0434\u043e\u0432 http://t.co/7hkGw52o #Android #Androidgames #Gameinsight','Viktor Dorokhov')
COMMIT
INSERT INTO TWEETENTITY VALUES(468,291994093360386049,'2013-01-17 20:43:11.000000',0,'I''ve collected 11,120 gold coins! http://t.co/Ov4vj14N #android, #androidgames, #gameinsight','Jim beekhuizen')
COMMIT
INSERT INTO TWEETENTITY VALUES(469,291994093624631296,'2013-01-17 20:43:11.000000',0,'@elgordito323 Oh, yea! I did its not for us android people''s. Lmfao','TJW ')
COMMIT
INSERT INTO TWEETENTITY VALUES(470,291994095126208512,'2013-01-17 20:43:11.000000',0,'\u041c\u043e\u0441\u0442 \u0440\u0430\u0434\u0443\u0435\u0442 \u0442\u0443\u0437\u0435\u043c\u0446\u0435\u0432! \u0422\u0435\u043f\u0435\u0440\u044c \u043c\u043e\u0439 \u043e\u0441\u0442\u0440\u043e\u0432 \u0441\u0442\u0430\u043b \u0435\u0449\u0435 \u043a\u0440\u0443\u0447\u0435! http://t.co/C5aSZ6Dl #android, #androidgames, #gameinsight','Nataly Bernet')
COMMIT
INSERT INTO TWEETENTITY VALUES(471,291994095310737408,'2013-01-17 20:43:11.000000',0,'I''ve collected 16,820 gold coins! http://t.co/Ov4vj14N #android, #androidgames, #gameinsight','Jim beekhuizen')
COMMIT
INSERT INTO TWEETENTITY VALUES(472,291994095289786368,'2013-01-17 20:43:11.000000',0,'Android News Temple Run 2 Android release date confirmed http://t.co/P6OhHCap','dead__last')
COMMIT
INSERT INTO TWEETENTITY VALUES(473,291994096170586112,'2013-01-17 20:43:12.000000',0,'Android News AT&T reportedly looking towards Europe for a carrier acquisition http://t.co/i2mFwdL3','dead__last')
COMMIT
INSERT INTO TWEETENTITY VALUES(474,291994096405463040,'2013-01-17 20:43:12.000000',0,'The "Farm" collection in Big Business has been completed! 24 http://t.co/GF1aGGQa #android #gameinsight #androidgames','kitifi')
COMMIT
INSERT INTO TWEETENTITY VALUES(475,291994096745209857,'2013-01-17 20:43:12.000000',0,'Je viens de terminer une mission! Je voudrais vous donner un cadeau pour c\u00e9l\u00e9brer http://t.co/7m4A2WT1 #android #androidgames #gameinsight','katsymi')
COMMIT
INSERT INTO TWEETENTITY VALUES(476,291994096925564928,'2013-01-17 20:43:12.000000',0,'I''ve collected 10,300 gold coins! http://t.co/Ov4vj14N #android, #androidgames, #gameinsight','Jim beekhuizen')
COMMIT
INSERT INTO TWEETENTITY VALUES(477,291994098397741056,'2013-01-17 20:43:12.000000',0,'I''ve collected 10,440 gold coins! http://t.co/Ov4vj14N #android, #androidgames, #gameinsight','Jim beekhuizen')
COMMIT
INSERT INTO TWEETENTITY VALUES(478,291994098825560064,'2013-01-17 20:43:12.000000',0,'\u0423\u044e\u0442\u043d\u044b\u0439 \u0434\u043e\u043c \u0440\u0430\u0434\u0443\u0435\u0442 \u0442\u0443\u0437\u0435\u043c\u0446\u0435\u0432! \u0422\u0435\u043f\u0435\u0440\u044c \u043c\u043e\u0439 \u043e\u0441\u0442\u0440\u043e\u0432 \u0441\u0442\u0430\u043b \u0435\u0449\u0435 \u043a\u0440\u0443\u0447\u0435! http://t.co/HwHOs9kr #android, #androidgames, #gameinsight','\u0414\u0430\u043d\u0438\u0435\u043b\u044f\u043d \u041d\u0430\u0440\u0435\u043a')
COMMIT
INSERT INTO TWEETENTITY VALUES(479,291994098997538817,'2013-01-17 20:43:12.000000',0,'@indronezija android is the answer :D','Mat\u012bss Em\u012bls')
COMMIT
INSERT INTO TWEETENTITY VALUES(480,291994099219849217,'2013-01-17 20:43:12.000000',0,'Belohnung erhalten: Ungeduldiger http://t.co/BrvgowBm #Android #Androidgames #Gameinsight','Verena Wissing')
COMMIT
INSERT INTO TWEETENTITY VALUES(481,291994099840598016,'2013-01-17 20:43:13.000000',0,'\u042f \u043e\u0442\u043a\u0440\u044b\u043b \u043d\u043e\u0432\u0443\u044e \u0442\u0435\u0440\u0440\u0438\u0442\u043e\u0440\u0438\u044e \u0432 \u0422\u0443\u0437\u0435\u043c\u0446\u0430\u0445! \u0414\u0430\u0432\u0430\u0439 \u0438\u0441\u0441\u043b\u0435\u0434\u043e\u0432\u0430\u0442\u044c \u043e\u0441\u0442\u0440\u043e\u0432 \u0432\u043c\u0435\u0441\u0442\u0435! http://t.co/FHoIPyhr #android, #androidgames, #gameinsight','Sergey Tutov')
COMMIT
INSERT INTO TWEETENTITY VALUES(482,291994099865776128,'2013-01-17 20:43:13.000000',0,'I''ve collected 16,000 gold coins! http://t.co/Ov4vj14N #android, #androidgames, #gameinsight','Jim beekhuizen')
COMMIT
INSERT INTO TWEETENTITY VALUES(483,291994103246360576,'2013-01-17 20:43:13.000000',0,'I have Warehouse on my island! Now my island is even more awesome! http://t.co/1DOLCLqr #android, #androidgames, #gameinsight','sylvain levasseur')
COMMIT
INSERT INTO TWEETENTITY VALUES(484,291994106396286976,'2013-01-17 20:43:14.000000',0,'\u0421\u043a\u043b\u0430\u0434 \u0440\u0430\u0434\u0443\u0435\u0442 \u0442\u0443\u0437\u0435\u043c\u0446\u0435\u0432! \u0422\u0435\u043f\u0435\u0440\u044c \u043c\u043e\u0439 \u043e\u0441\u0442\u0440\u043e\u0432 \u0441\u0442\u0430\u043b \u0435\u0449\u0435 \u043a\u0440\u0443\u0447\u0435! http://t.co/yjYEso8e #android, #androidgames, #gameinsight','\u041d\u0430\u0434\u044f \u041d\u0438\u043a\u0438\u0442\u0438\u043d\u0430')
COMMIT
INSERT INTO TWEETENTITY VALUES(485,291994107147071488,'2013-01-17 20:43:14.000000',0,'\u201c@phonearena: U.S. Samsung GALAXY Note 10.1 Wi-Fi gets Android 4.1.2 update - http://t.co/U00bGWfq\u201d','ahmad afaneh')
COMMIT
INSERT INTO TWEETENTITY VALUES(486,291994108984184833,'2013-01-17 20:43:15.000000',0,'RT @alteredq: So it''s possible to get #WebGL running in Android Chrome Beta without rooting your device: http://t.co/jBMyYA08','Vlad Filippov')
COMMIT
INSERT INTO TWEETENTITY VALUES(487,291994109290364928,'2013-01-17 20:43:15.000000',0,'Quien quiere vender su android?','Anitaa!')
COMMIT
INSERT INTO TWEETENTITY VALUES(488,291994109453955073,'2013-01-17 20:43:15.000000',0,'\u041a\u043e\u0442\u0435\u043b\u043e\u043a \u0440\u0430\u0434\u0443\u0435\u0442 \u0442\u0443\u0437\u0435\u043c\u0446\u0435\u0432! \u0422\u0435\u043f\u0435\u0440\u044c \u043c\u043e\u0439 \u043e\u0441\u0442\u0440\u043e\u0432 \u0441\u0442\u0430\u043b \u0435\u0449\u0435 \u043a\u0440\u0443\u0447\u0435! http://t.co/5JW1HltY #android, #androidgames, #gameinsight','\u0430\u043b\u0435\u043a\u0441\u0435\u0439 \u0442\u0440\u043e\u0444\u0438\u043c\u043e\u0432')
COMMIT
INSERT INTO TWEETENTITY VALUES(489,291994110926155776,'2013-01-17 20:43:15.000000',0,'I''m liking this android app I downloaded. http://t.co/8ssTpbOp','Gobuddy2 Power')
COMMIT
INSERT INTO TWEETENTITY VALUES(490,291994114168352768,'2013-01-17 20:43:16.000000',0,'\u042d\u0442\u043e \u0431\u044b\u043b \u0441\u043b\u043e\u0436\u043d\u044b\u0439 \u0431\u043e\u0439, \u043d\u043e \u043c\u043d\u0435 \u0443\u0434\u0430\u043b\u043e\u0441\u044c \u043f\u043e\u0431\u0435\u0434\u0438\u0442\u044c \u0437\u043b\u043e\u0434\u0435\u044f "C\u043a\u0435\u043b\u0435\u0442-\u0440\u044b\u0446\u0430\u0440\u044c" \u0432 \u0418\u043c\u043f\u0435\u0440\u0438\u0438 \u0413. http://t.co/aTSKghdD #Android #AndroidGames #gameinsight','\u041c\u0438\u0442\u044f\u0439 \u041a\u0440\u0443\u0433\u043b\u043e\u0432')
COMMIT
INSERT INTO TWEETENTITY VALUES(491,291994114667462657,'2013-01-17 20:43:16.000000',0,'The "Printing office" collection in Big Business has been completed! 14 http://t.co/GF1aGGQa #android #gameinsight #androidgames','kitifi')
COMMIT
INSERT INTO TWEETENTITY VALUES(492,291994115338551296,'2013-01-17 20:43:16.000000',0,'\u0441\u043a\u0430\u0447\u0430\u0442\u044c \u043f\u0440\u043e\u0433\u0440\u0430\u043c\u043c\u0443 \u043d \u0442\u043e\u0440\u0440\u0435\u043d\u0442  http://t.co/lciOJYnn  http://t.co/UNWdO86n','\u0414\u043e\u043b\u0430\u043d \u041a\u043e\u043b\u043e\u0440\u043e\u0432')
COMMIT
INSERT INTO TWEETENTITY VALUES(493,291994118966628352,'2013-01-17 20:43:17.000000',0,'Hey everyone! Don''t forget to download "Partytime" available on iPhone and Android for FREE! http://t.co/MBvoQVAJ #party #entertainment','Partytime')
COMMIT
INSERT INTO TWEETENTITY VALUES(494,291994120195567616,'2013-01-17 20:43:17.000000',0,'I''ve harvested 2,237 of food! http://t.co/rj15bUZy #android, #androidgames, #gameinsight','Alexis_Parrish')
COMMIT
INSERT INTO TWEETENTITY VALUES(495,291994121676136448,'2013-01-17 20:43:18.000000',0,'I''ve just received an achievement: Road magnate http://t.co/AsSunIVc #Android #Androidgames #Gameinsight','jeramiah lawson')
COMMIT
INSERT INTO TWEETENTITY VALUES(496,291994121915224064,'2013-01-17 20:43:18.000000',0,'I''ve just received an achievement: Antique Lover http://t.co/UifB1eD3 #Android #Androidgames #Gameinsight','Cheryl Yup')
COMMIT
INSERT INTO TWEETENTITY VALUES(497,291994123265781760,'2013-01-17 20:43:18.000000',0,'\u042f \u043f\u0440\u043e\u0448\u0435\u043b \u043a\u0432\u0435\u0441\u0442 ''\u041f\u043e\u0441\u0442\u0440\u043e\u0438\u0442\u044c \u0423\u044e\u0442\u043d\u044b\u0439 \u0414\u043e\u043c.'' \u0432 The Tribez \u043d\u0430 #Android.http://t.co/gpvO1MeV #androidgames, #gameinsight','\u0414\u0430\u043d\u0438\u0435\u043b\u044f\u043d \u041d\u0430\u0440\u0435\u043a')
COMMIT
INSERT INTO TWEETENTITY VALUES(498,291994125010624512,'2013-01-17 20:43:19.000000',0,'I have Candy Shop on my island! Now my island is even more awesome! http://t.co/8aMJNbJ1 #android, #androidgames, #gameinsight','Alexis_Parrish')
COMMIT
INSERT INTO TWEETENTITY VALUES(499,291994128357675008,'2013-01-17 20:43:19.000000',0,'\u041c\u043e\u0435 \u043d\u043e\u0432\u043e\u0435 \u0434\u043e\u0441\u0442\u0438\u0436\u0435\u043d\u0438\u0435 `\u0418\u043d\u0442\u0435\u043d...`. \u041f\u043e\u043f\u0440\u043e\u0431\u0443\u0439 \u043f\u0440\u0435\u0432\u0437\u043e\u0439\u0442\u0438 \u043c\u0435\u043d\u044f \u0432 The Tribez \u0434\u043b\u044f #Android! http://t.co/dMo0anQM #androidgames, #gameinsight','\u041d\u0430\u0434\u044f \u041d\u0438\u043a\u0438\u0442\u0438\u043d\u0430')
COMMIT
INSERT INTO TWEETENTITY VALUES(500,291994128563191809,'2013-01-17 20:43:19.000000',0,'I have Shaman Shop on my island! Now my island is even more awesome! http://t.co/8aMJNbJ1 #android, #androidgames, #gameinsight','Alexis_Parrish')
COMMIT
INSERT INTO TWEETENTITY VALUES(501,291994128672251904,'2013-01-17 20:43:19.000000',0,'The "Heavy machinery" collection in Big Business has been completed! 47 http://t.co/GF1aGGQa #android #gameinsight #androidgames','kitifi')
COMMIT
INSERT INTO TWEETENTITY VALUES(502,291994129074892800,'2013-01-17 20:43:20.000000',0,'Temple Run 2 Now Available on iPhone, Coming to Android Next Week http://t.co/R0BFtB5O','Adam Edlen')
COMMIT
INSERT INTO TWEETENTITY VALUES(503,291994129272020992,'2013-01-17 20:43:20.000000',0,'Belohnung erhalten: Bananenplantagen http://t.co/PiAE27bz #Android #Androidgames #Gameinsight','Matthias Reuter')
COMMIT
INSERT INTO TWEETENTITY VALUES(504,291994130366750720,'2013-01-17 20:43:20.000000',0,'\u0441\u043a\u0430\u0447\u0430\u0442\u044c \u043f\u0440\u043e\u0433\u0440\u0430\u043c\u043c\u0443 photo frames  http://t.co/GILnQP84  http://t.co/IOZzCpEe','\u0414\u043e\u043b\u0430\u043d \u041a\u043e\u043b\u043e\u0440\u043e\u0432')
COMMIT
INSERT INTO TWEETENTITY VALUES(505,291994132270956544,'2013-01-17 20:43:20.000000',0,'RT @Sr_Parodia: Quiero un iPhone con BBM y funciones de Android y una bater\u00eda Nokia.','A\u0336n\u0336d\u0336r\u0336e\u0336a\u0336')
COMMIT
INSERT INTO TWEETENTITY VALUES(506,291994133063684096,'2013-01-17 20:43:20.000000',0,'RT @KingPrince187: Mann i wanna play Temple Run 2... but i gotta android','|YoungCarolinaBoy\u00a9|')
COMMIT
INSERT INTO TWEETENTITY VALUES(507,291994134246461440,'2013-01-17 20:43:21.000000',0,'\u042f \u0441\u043e\u0431\u0440\u0430\u043b 322,972 \u0437\u043e\u043b\u043e\u0442\u044b\u0445 \u043c\u043e\u043d\u0435\u0442! \u041a\u0442\u043e \u0438\u0437 \u0432\u0430\u0441 \u0441\u043c\u043e\u0436\u0435\u0442 \u0431\u043e\u043b\u044c\u0448\u0435? http://t.co/Oi5QQXdq #android, #androidgames, #gameinsight','\u0430\u043d\u0434\u0440\u0435\u0439 \u0434\u043e\u0431\u0440\u043e\u0432')
COMMIT
INSERT INTO TWEETENTITY VALUES(508,291994134774947840,'2013-01-17 20:43:21.000000',0,'\u00a1Estoy decorando mi ciudad con calabazas, edificios embrujados y prepar\u00e1nd\u2026 http://t.co/6eQaYqg2 #Android #AndroidGames #gameinsight','francisco font ')
COMMIT
INSERT INTO TWEETENTITY VALUES(509,291994136083578881,'2013-01-17 20:43:21.000000',0,'The "Heavy machinery" collection in Big Business has been completed! 94 http://t.co/GJblQ0Ky #android #gameinsight #androidgames','Lino Stile')
COMMIT
INSERT INTO TWEETENTITY VALUES(510,291994136427507713,'2013-01-17 20:43:21.000000',0,'\u0423\u0440\u043e\u0436\u0430\u0439 \u0441\u043e\u0431\u0440\u0430\u043d - 2,262 \u0435\u0434\u044b! \u0422\u044b \u0442\u043e\u0436\u0435 \u043f\u0440\u043e\u0432\u0435\u0440\u044c \u0441\u0432\u043e\u0438 \u0433\u0440\u044f\u0434\u043a\u0438! http://t.co/1Jzdng9c #android, #androidgames, #gameinsight','\u0430\u043d\u0434\u0440\u0435\u0439 \u0434\u043e\u0431\u0440\u043e\u0432')
COMMIT
INSERT INTO TWEETENTITY VALUES(511,291994136758874113,'2013-01-17 20:43:21.000000',0,'How awesome doesn''t whatsapp look on android >>>>','CHANELLE \u2020')
COMMIT
INSERT INTO TWEETENTITY VALUES(512,291994137413160960,'2013-01-17 20:43:22.000000',0,'I''ve earned a new achievement: `Stylist`. Try to beat me in the #Android game The Tribez! http://t.co/UmHUMf7M #androidgames, #gameinsight','Sara ')
COMMIT
INSERT INTO TWEETENTITY VALUES(513,291994138537246721,'2013-01-17 20:43:22.000000',0,'\u042f \u0441\u043e\u0431\u0440\u0430\u043b 12,720 \u0437\u043e\u043b\u043e\u0442\u044b\u0445 \u043c\u043e\u043d\u0435\u0442! \u041a\u0442\u043e \u0438\u0437 \u0432\u0430\u0441 \u0441\u043c\u043e\u0436\u0435\u0442 \u0431\u043e\u043b\u044c\u0448\u0435? http://t.co/Oi5QQXdq #android, #androidgames, #gameinsight','\u0430\u043d\u0434\u0440\u0435\u0439 \u0434\u043e\u0431\u0440\u043e\u0432')
COMMIT
INSERT INTO TWEETENTITY VALUES(514,291994139556454401,'2013-01-17 20:43:22.000000',0,'RT @TKOnlineStore: Correct Download Links for ... - http://t.co/ujzCWnza #camera_capabilities #Firmwares_Onda #Quad_Core_tablets http:// ...','AHUEAHUEAHU')
COMMIT
INSERT INTO TWEETENTITY VALUES(515,291994140219150336,'2013-01-17 20:43:22.000000',0,'\u00a1He reunido 177,083 monedas de oro! \u00bfA ver quien es capaz de ganarme?http://t.co/B5ApRBrH #android, #androidgames, #gameinsight','Jaime Francisco')
COMMIT
INSERT INTO TWEETENTITY VALUES(516,291994140122705921,'2013-01-17 20:43:22.000000',0,'\u042f \u0441\u043e\u0431\u0440\u0430\u043b 67,506 \u0437\u043e\u043b\u043e\u0442\u044b\u0445 \u043c\u043e\u043d\u0435\u0442! \u041a\u0442\u043e \u0438\u0437 \u0432\u0430\u0441 \u0441\u043c\u043e\u0436\u0435\u0442 \u0431\u043e\u043b\u044c\u0448\u0435? http://t.co/nfixdNgR #android, #androidgames, #gameinsight','\u0415\u043a\u0430\u0442\u0435\u0440\u0438\u043d\u0430')
COMMIT
INSERT INTO TWEETENTITY VALUES(517,291994140659560450,'2013-01-17 20:43:22.000000',0,'\u042f \u0441\u043e\u0431\u0440\u0430\u043b 12,000 \u0437\u043e\u043b\u043e\u0442\u044b\u0445 \u043c\u043e\u043d\u0435\u0442! \u041a\u0442\u043e \u0438\u0437 \u0432\u0430\u0441 \u0441\u043c\u043e\u0436\u0435\u0442 \u0431\u043e\u043b\u044c\u0448\u0435? http://t.co/Oi5QQXdq #android, #androidgames, #gameinsight','\u0430\u043d\u0434\u0440\u0435\u0439 \u0434\u043e\u0431\u0440\u043e\u0432')
COMMIT
INSERT INTO TWEETENTITY VALUES(518,291994141443911680,'2013-01-17 20:43:22.000000',0,'LT not on Android . blehh',':)')
COMMIT
INSERT INTO TWEETENTITY VALUES(519,291994141351620608,'2013-01-17 20:43:22.000000',0,'Im gesamten Reich m\u00fcssen viele gro\u00dfe Taten vollbracht werden. Die Menschen z\u00e4hl. http://t.co/mel45QdV #Android #AndroidGames #gameinsight','Anja Adomeit')
COMMIT
INSERT INTO TWEETENTITY VALUES(520,291994142043697152,'2013-01-17 20:43:23.000000',0,'Finally, I have got it! http://t.co/ACzl8JuM #Android #AndroidGames #gameinsight #drimmi http://t.co/ozsWww7P','\u9673\u76c8\u6770')
COMMIT
INSERT INTO TWEETENTITY VALUES(521,291994142324690944,'2013-01-17 20:43:23.000000',0,'Pixlr: Excelente editor de fotograf\u00edas para iOS y Android http://t.co/7ko8XUtQ','Chico Geek')
COMMIT
INSERT INTO TWEETENTITY VALUES(522,291994142341476352,'2013-01-17 20:43:23.000000',0,'\u00a1He cosechado 3,595 de comida!http://t.co/qEvPPHWm #android, #androidgames, #gameinsight','Jaime Francisco')
COMMIT
INSERT INTO TWEETENTITY VALUES(523,291994142349864960,'2013-01-17 20:43:23.000000',0,'\u0423\u0440\u043e\u0436\u0430\u0439 \u0441\u043e\u0431\u0440\u0430\u043d - 2,907 \u0435\u0434\u044b! \u0422\u044b \u0442\u043e\u0436\u0435 \u043f\u0440\u043e\u0432\u0435\u0440\u044c \u0441\u0432\u043e\u0438 \u0433\u0440\u044f\u0434\u043a\u0438! http://t.co/x7NADhe7 #android, #androidgames, #gameinsight','\u0415\u043a\u0430\u0442\u0435\u0440\u0438\u043d\u0430')
COMMIT
INSERT INTO TWEETENTITY VALUES(524,291994143280996354,'2013-01-17 20:43:23.000000',0,'I have completed the quest ''Fulfill 5 wishes i...'' in the #Android game The Tribez. http://t.co/yhVul5ox #androidgames, #gameinsight','Keith Tolle')
COMMIT
INSERT INTO TWEETENTITY VALUES(525,291994144778383360,'2013-01-17 20:43:23.000000',0,'\u043f\u0440\u043e\u0433\u0440\u0430\u043c\u043c\u0430 \u0434\u043b\u044f \u043f\u0440\u043e\u0448\u0438\u0432\u043a\u0438 nokia \u0441\u043a\u0430\u0447\u0430\u0442\u044c \u0431\u0435\u0441\u043f\u043b\u0430\u0442\u043d\u043e  http://t.co/q1D1rfeU  http://t.co/P6aixyDd','\u0414\u043e\u043b\u0430\u043d \u041a\u043e\u043b\u043e\u0440\u043e\u0432')
COMMIT
INSERT INTO TWEETENTITY VALUES(526,291994148813287425,'2013-01-17 20:43:24.000000',0,'I have completed the quest ''Build a House.'' in the #Android game The Tribez. http://t.co/h8EUffTD #androidgames, #gameinsight','Jennifer McCracken')
COMMIT
INSERT INTO TWEETENTITY VALUES(527,291994149207556096,'2013-01-17 20:43:24.000000',0,'Belohnung erhalten: Gro\u00dfartiger Redner http://t.co/MdWVfIko #Android #Androidgames #Gameinsight','Lilly W')
COMMIT
INSERT INTO TWEETENTITY VALUES(528,291994150704934912,'2013-01-17 20:43:25.000000',0,'The Tribez is a great game! Try to become a tribal leader! http://t.co/vE2m646v #android, #androidgames, #gameinsight','Jennifer McCracken')
COMMIT
INSERT INTO TWEETENTITY VALUES(529,291994151321468928,'2013-01-17 20:43:25.000000',0,'I''ve just received an achievement: Generous Benefactor http://t.co/qsHntOkU #Android #Androidgames #Gameinsight','filip')
COMMIT
INSERT INTO TWEETENTITY VALUES(530,291994151485075456,'2013-01-17 20:43:25.000000',0,'JavaScript Engineer Needed! http://t.co/1xOdWt6H #css #svn #git #html #css3 #html5 #iphone #android #PhoneGap... http://t.co/QmmjnCDT','Findmjob.com')
COMMIT
INSERT INTO TWEETENTITY VALUES(531,291994151300521984,'2013-01-17 20:43:25.000000',0,'\u041f\u043e\u043b\u0443\u0447\u0438\u043b \u043d\u0430\u0433\u0440\u0430\u0434\u0443: \u0421\u043e\u0447\u043d\u044b\u0435 \u043f\u043e\u0434\u0430\u0440\u043a\u0438 http://t.co/Samjmgqo #Android #Androidgames #Gameinsight','Karpenko Natasha')
COMMIT
INSERT INTO TWEETENTITY VALUES(532,291994151707357184,'2013-01-17 20:43:25.000000',0,'I have discovered a new territory in The Tribez! http://t.co/DNubtYCH #android, #androidgames, #gameinsight','Amy Yates')
COMMIT
INSERT INTO TWEETENTITY VALUES(533,291994152890163200,'2013-01-17 20:43:26.000000',0,'\u041d\u0430\u0447\u043d\u0438\u0442\u0435 \u0438\u0433\u0440\u0430\u0442\u044c \u0432 Paradise Island \u0434\u043b\u044f Android http://t.co/Hu3QDwhA #Android #Androidgames #Gameinsight http://t.co/LJbhau3Y','Adenya Ak')
COMMIT
INSERT INTO TWEETENTITY VALUES(534,291994155373170688,'2013-01-17 20:43:26.000000',0,'@Felipedeconsa @lanecavalcant @thaisleia @_Jackcarvalho Tem #LeoMagalhaes no app #SertanejoMix  para  Android e Iphone http://t.co/8HlTY9aJ','GoianinhaShow ')
COMMIT
INSERT INTO TWEETENTITY VALUES(535,291994159445848066,'2013-01-17 20:43:27.000000',0,'Ich bin nun Meister f\u00fcr den Flug Sankt Petersburg\u000ahttp://t.co/9AEmEfl6 #android #androidgames #gameinsight','Andre Salewski')
COMMIT
INSERT INTO TWEETENTITY VALUES(536,291994159991119872,'2013-01-17 20:43:27.000000',0,'The "Farm" collection in Big Business has been completed! 64 http://t.co/GF1aGGQa #android #gameinsight #androidgames','kitifi')
COMMIT
INSERT INTO TWEETENTITY VALUES(537,291994160788029440,'2013-01-17 20:43:27.000000',0,'Chigon A720 (2 \u044f\u0434\u0440\u0430 1Ghz, 1280x720, Android 4.0.4): \u0414\u0432\u0443\u0445\u044a\u044f\u0434\u0435\u0440\u043d\u044b\u0439 \u0441\u043c\u0430\u0440\u0442\u0444\u043e\u043d \u0441 \u0434\u0438\u0437\u0430\u0439\u043d\u043e\u043c \u043a\u0430\u043a \u0443 Samsung Galaxy S3.\u000a\u041b\u043e...  http://t.co/K25VRVz6','\u041a\u0443\u043f\u0438\u0442\u044c iPhone')
COMMIT
INSERT INTO TWEETENTITY VALUES(538,291994161907896320,'2013-01-17 20:43:27.000000',0,'@Wilkinnss When Real Betis had the most feared double act in world football.It''s just a lot simpler and easy to navigate for android & apple','Leon')
COMMIT
INSERT INTO TWEETENTITY VALUES(539,291994163686293504,'2013-01-17 20:43:28.000000',0,'\u0441\u043a\u0430\u0447\u0430\u0442\u044c \u043f\u0440\u043e\u0433\u0440\u0430\u043c\u043c\u0443 \u0434\u043b\u044f \u0441\u0436\u0430\u0442\u0438\u044f mp3  http://t.co/CZasAoWr  http://t.co/z1u5qETj','\u0414\u043e\u043b\u0430\u043d \u041a\u043e\u043b\u043e\u0440\u043e\u0432')
COMMIT
INSERT INTO TWEETENTITY VALUES(540,291994164231557120,'2013-01-17 20:43:28.000000',0,'Wow! I have caught this Bleak just now! http://t.co/ACzl8JuM #Android #AndroidGames #gameinsight #drimmi','\u9673\u76c8\u6770')
COMMIT
INSERT INTO TWEETENTITY VALUES(541,291994165175271424,'2013-01-17 20:43:28.000000',0,'I recently lost 1 follower. About to unfollow them, thanks to @UnfollowID, this great Free iPhone/Android  App at http://t.co/DmiMd0Da','Taylor Brent')
COMMIT
INSERT INTO TWEETENTITY VALUES(542,291994168476192768,'2013-01-17 20:43:29.000000',0,'\u3010\u5b9a\u671f\u3011iPhone,iPod,Android\u7aef\u672b\u3092\u6301\u3063\u3066\u3044\u308b\u4eba\u3001\u62e1\u6563\u6027\u30df\u30ea\u30aa\u30f3\u30a2\u30fc\u30b5\u30fc\u3092\u4e00\u7dd2\u306b\u30d7\u30ec\u30a4\u3057\u3088\u3046\uff01\u65b0\u898f\u767b\u9332\u6642\u306b\u62db\u5f85ID 1aad1\u3092\u3044\u308c\u3066\u304f\u308c\u308c\u3070\u3001\u4e00\u7dd2\u306b\u904a\u3079\u3066\u30ec\u30a2\u30ab\u30fc\u30c9\u304c\u8cb0\u3048\u308b\u305e\uff01http://t.co/yFDExka8','\u308f\u305f\u308f\u305f(DJ IMOKEN)')
COMMIT
INSERT INTO TWEETENTITY VALUES(543,291994170065817600,'2013-01-17 20:43:29.000000',0,'I have discovered a new territory in The Tribez! http://t.co/QNsgaDbC #android, #androidgames, #gameinsight','Rolands')
COMMIT
INSERT INTO TWEETENTITY VALUES(544,291994168190976000,'2013-01-17 20:43:29.000000',0,'Start playing Paradise Island on Android http://t.co/njo19NVo #Android #Androidgames #Gameinsight http://t.co/bDiqJcgZ','Amy Pulsifer')
COMMIT
INSERT INTO TWEETENTITY VALUES(545,291994171047288833,'2013-01-17 20:43:30.000000',0,'.@rzaratin @lucasbraga td vez q um Android termina de carregar, acende a tela, diminui o brilho, mas fica ligado. como q tira isso?','email@gordogeek.com')
COMMIT
INSERT INTO TWEETENTITY VALUES(546,291994171173134336,'2013-01-17 20:43:30.000000',0,'#Android. Bient\u00f4t un milliard d''utilisateurs pour iOs et Android, lequel y arrivera le premier? http://t.co/7NCpOI0w (merci @absolunet)','Anne Tremblay ')
COMMIT
INSERT INTO TWEETENTITY VALUES(547,291994174356590592,'2013-01-17 20:43:30.000000',0,'RT @khan_subhendu: iPad Mini, Android phone & WeChat merchandise to be won!! Participate now! Just #WeChat @WeChatIndia','Akhilesh Tekade')
COMMIT
INSERT INTO TWEETENTITY VALUES(548,291994175895920640,'2013-01-17 20:43:31.000000',0,'The "Printing office" collection in Big Business has been completed! 20 http://t.co/GF1aGGQa #android #gameinsight #androidgames','kitifi')
COMMIT
INSERT INTO TWEETENTITY VALUES(549,291994176994828288,'2013-01-17 20:43:31.000000',0,'I''ve earned a new achievement: `Flaker`. Try to beat me in the #Android game The Tribez! http://t.co/s1qNM9Ja #androidgames, #gameinsight','Tyreem Ayers')
COMMIT
INSERT INTO TWEETENTITY VALUES(550,291994177170989057,'2013-01-17 20:43:31.000000',0,'\u0441\u043a\u0430\u0447\u0430\u0442\u044c \u0431\u0435\u0441\u043f\u043b\u0430\u0442\u043d\u043e \u043f\u0440\u043e\u0433\u0440\u0430\u043c\u043c\u0443 \u043f\u0430\u0440\u043e\u043b\u044c \u043d\u0430 \u043f\u0430\u043f\u043a\u0438  http://t.co/DxaErbvP  http://t.co/8f30Nsia','\u0414\u043e\u043b\u0430\u043d \u041a\u043e\u043b\u043e\u0440\u043e\u0432')
COMMIT
INSERT INTO TWEETENTITY VALUES(551,291994179813404673,'2013-01-17 20:43:32.000000',0,'I have completed the quest ''Clear out 6 Stone ...'' in the #Android game The Tribez. http://t.co/0wPrMTP1 #androidgames, #gameinsight','Tyreem Ayers')
COMMIT
INSERT INTO TWEETENTITY VALUES(552,291994179637239808,'2013-01-17 20:43:32.000000',0,'If any Android geniuses out there can tell me why my phone can''t see my Sundance GCalendar, drop me a line BEFORE I SMASH IT TO BITS?','James Rocchi')
COMMIT
INSERT INTO TWEETENTITY VALUES(553,291994180794847232,'2013-01-17 20:43:32.000000',0,'I''ve just received an achievement: Affable http://t.co/ektvSi72 #Android #Androidgames #Gameinsight','kevin beaumont')
COMMIT
INSERT INTO TWEETENTITY VALUES(554,291994178873880576,'2013-01-17 20:43:32.000000',0,'Start playing Rock the Vegas on Android! http://t.co/hY646Ajb #Android #Androidgames #Gameinsight http://t.co/exsfqH8R','islandparadis')
COMMIT
INSERT INTO TWEETENTITY VALUES(555,291994180513824768,'2013-01-17 20:43:32.000000',0,'RT @harald_ddk: iPhone > Android > Nokia> t\u00e9l\u00e9phone> Machine \u00e0 \u00e9crire > Message dans une bouteille > Pigeon voyageur & ...','\u2661')
COMMIT
INSERT INTO TWEETENTITY VALUES(556,291994181486927873,'2013-01-17 20:43:32.000000',0,'I have completed the quest ''Fulfill 3 wishes i...'' in the #Android game The Tribez. http://t.co/0wPrMTP1 #androidgames, #gameinsight','Tyreem Ayers')
COMMIT
INSERT INTO TWEETENTITY VALUES(557,291994182292209664,'2013-01-17 20:43:32.000000',0,'I''ve just received an achievement: Bowling Fan http://t.co/ciu9BItc #Android #Androidgames #Gameinsight','Jami Bradshaw')
COMMIT
INSERT INTO TWEETENTITY VALUES(558,291994183147864065,'2013-01-17 20:43:32.000000',0,'I have reached level 8 in The Tribez! Join in and try to overtake me! http://t.co/Dafgwkro #android, #androidgames, #gameinsight','Tyreem Ayers')
COMMIT
INSERT INTO TWEETENTITY VALUES(559,291994184657797120,'2013-01-17 20:43:33.000000',0,'I have completed the quest ''Chase away 2 Murlods.'' in the #Android game The Tribez. http://t.co/0wPrMTP1 #androidgames, #gameinsight','Tyreem Ayers')
COMMIT
INSERT INTO TWEETENTITY VALUES(560,291994184934649856,'2013-01-17 20:43:33.000000',0,'Dolphin Browser updated with sharing to other devices on Wi-Fi network http://t.co/DKN0XQLZ #android','Tera Monkey')
COMMIT
INSERT INTO TWEETENTITY VALUES(561,291994185714782208,'2013-01-17 20:43:33.000000',0,'\u042f \u043f\u0440\u043e\u0448\u0435\u043b \u043a\u0432\u0435\u0441\u0442 ''\u0421\u043d\u0435\u0441\u0442\u0438 \u0445\u0438\u0436\u0438\u043d\u0443 \u041c\u0443\u0440\u043b\u043e\u0434\u043e\u0432.'' \u0432 The Tribez \u043d\u0430 #Android.http://t.co/zbBzNdzU #androidgames, #gameinsight',' Okcana Filippova')
COMMIT
INSERT INTO TWEETENTITY VALUES(562,291994186545250304,'2013-01-17 20:43:33.000000',0,'I have Cauldron on my island! Now my island is even more awesome! http://t.co/zlPd52dp #android, #androidgames, #gameinsight','Tyreem Ayers')
COMMIT
INSERT INTO TWEETENTITY VALUES(563,291994186767540225,'2013-01-17 20:43:33.000000',0,'I''ve just received an achievement: Provident http://t.co/AsSunIVc #Android #Androidgames #Gameinsight','jeramiah lawson')
COMMIT
INSERT INTO TWEETENTITY VALUES(564,291994187556061184,'2013-01-17 20:43:33.000000',0,'\u041f\u0440\u0430\u0437\u0434\u043d\u0438\u043a \u0432 \u041a\u043e\u0440\u043e\u043b\u0435\u0432\u0441\u0442\u0432\u0435 - \u043f\u043e\u043b\u0443\u0447\u0435\u043d \u043d\u043e\u0432\u044b\u0439 50-\u0439 \u0443\u0440\u043e\u0432\u0435\u043d\u044c! \u0414\u043e\u0433\u043e\u043d\u044f\u0439 :) http://t.co/BW00wSQ3 #Android #AndroidGames #GameInsight','oksana zelenina')
COMMIT
INSERT INTO TWEETENTITY VALUES(565,291994194036264960,'2013-01-17 20:43:35.000000',0,'#technologynews Android Tablet Beats iPad Sales in Japan: A new report from a Japanese publication n... http://t.co/E20qLLql #socialnews','Hiren Raval ')
COMMIT
INSERT INTO TWEETENTITY VALUES(566,291994194527014913,'2013-01-17 20:43:35.000000',0,'\u042f \u0441\u043e\u0431\u0440\u0430\u043b 740 \u0437\u043e\u043b\u043e\u0442\u044b\u0445 \u043c\u043e\u043d\u0435\u0442! \u041a\u0442\u043e \u0438\u0437 \u0432\u0430\u0441 \u0441\u043c\u043e\u0436\u0435\u0442 \u0431\u043e\u043b\u044c\u0448\u0435? http://t.co/8bxkgjt5 #android, #androidgames, #gameinsight','  \u0430\u043b\u0435\u043a\u0441')
COMMIT
INSERT INTO TWEETENTITY VALUES(567,291994194711572480,'2013-01-17 20:43:35.000000',0,'\u043f\u0440\u043e\u0433\u0440\u0430\u043c\u043c\u0430 \u0434\u043b\u044f \u0432\u0437\u043b\u0430\u043c\u044b\u0432\u0430\u043d\u0438\u044f \u043a\u043e\u043d\u0442\u0430\u043a\u0442\u0430 \u0441\u043a\u0430\u0447\u0430\u0442\u044c \u0431\u0435\u0441\u043f\u043b\u0430\u0442\u043d\u043e  http://t.co/i5kYgjoc  http://t.co/6sEun9ah','\u0414\u043e\u043b\u0430\u043d \u041a\u043e\u043b\u043e\u0440\u043e\u0432')
COMMIT
INSERT INTO TWEETENTITY VALUES(568,291994194896101376,'2013-01-17 20:43:35.000000',0,'RT @rodrigobarreir: Intercambio privado de archivos  y videoconferencias que permite a los usuarios compartir fotos,v\u00eddeos etc en  #Andr ...','Marcos Sanz Albalat')
COMMIT
INSERT INTO TWEETENTITY VALUES(569,291994195328135169,'2013-01-17 20:43:35.000000',0,'Veja Google+ no Google Play! https://t.co/TItQrnxU','sheila de j. braga')
COMMIT
INSERT INTO TWEETENTITY VALUES(570,291994194577346560,'2013-01-17 20:43:36.000000',0,'\u041d\u0430\u0447\u043d\u0438\u0442\u0435 \u0438\u0433\u0440\u0430\u0442\u044c \u0432 Paradise Island \u0434\u043b\u044f Android http://t.co/Hu3QDwhA #Android #Androidgames #Gameinsight http://t.co/ZXVSfCUD','Adenya Ak')
COMMIT
INSERT INTO TWEETENTITY VALUES(571,291994196888395776,'2013-01-17 20:43:36.000000',0,'Hurra, die Kollektion Siegel-Sammlung ist endlich fertig! \u000ahttp://t.co/5JirpYTL #android #androidgames #gameinsight','barbara')
COMMIT
INSERT INTO TWEETENTITY VALUES(572,291994198046044160,'2013-01-17 20:43:36.000000',0,'\u0423\u0441\u0430\u0434\u044c\u0431\u0430 \u0440\u0430\u0434\u0443\u0435\u0442 \u0442\u0443\u0437\u0435\u043c\u0446\u0435\u0432! \u0422\u0435\u043f\u0435\u0440\u044c \u043c\u043e\u0439 \u043e\u0441\u0442\u0440\u043e\u0432 \u0441\u0442\u0430\u043b \u0435\u0449\u0435 \u043a\u0440\u0443\u0447\u0435! http://t.co/TsFq2E0p #android, #androidgames, #gameinsight','\u0421\u043b\u043e\u0431\u043e\u0434\u043a\u0438\u043d \u042e\u0440\u0438\u0439')
COMMIT
INSERT INTO TWEETENTITY VALUES(573,291994198058618880,'2013-01-17 20:43:36.000000',0,'\u042f \u0441\u043e\u0431\u0440\u0430\u043b 7,655 \u0437\u043e\u043b\u043e\u0442\u044b\u0445 \u043c\u043e\u043d\u0435\u0442! \u041a\u0442\u043e \u0438\u0437 \u0432\u0430\u0441 \u0441\u043c\u043e\u0436\u0435\u0442 \u0431\u043e\u043b\u044c\u0448\u0435? http://t.co/4BZWfdwp #android, #androidgames, #gameinsight','osirina')
COMMIT
INSERT INTO TWEETENTITY VALUES(574,291994198733889537,'2013-01-17 20:43:36.000000',0,'Android Tablet Beats iPad Sales in Japan: A new report from a Japanese publication named Nikkei claims that Appl... http://t.co/46q2nNTB','qsscss')
COMMIT
INSERT INTO TWEETENTITY VALUES(575,291994199442726913,'2013-01-17 20:43:36.000000',0,'@NickProto To me Android system, although good, is still an attempt to copy Apple. Have used both. #Coke-Pepsi syndrome','Patrick Phillips')
COMMIT
INSERT INTO TWEETENTITY VALUES(576,291994199975424000,'2013-01-17 20:43:36.000000',0,'The "Heavy machinery" collection in Big Business has been completed! 11 http://t.co/GF1aGGQa #android #gameinsight #androidgames','kitifi')
COMMIT
INSERT INTO TWEETENTITY VALUES(577,291994200881393664,'2013-01-17 20:43:37.000000',0,'Android Tablet Beats iPad Sales in Japan: A new report from a Japanese publication named Nikkei ... http://t.co/3ahpoj92 via @WebProNews','Tech Feedster')
COMMIT
INSERT INTO TWEETENTITY VALUES(578,291994208309501953,'2013-01-17 20:43:38.000000',0,'\u042f \u0441\u043e\u0431\u0440\u0430\u043b 41,785 \u0437\u043e\u043b\u043e\u0442\u044b\u0445 \u043c\u043e\u043d\u0435\u0442! \u041a\u0442\u043e \u0438\u0437 \u0432\u0430\u0441 \u0441\u043c\u043e\u0436\u0435\u0442 \u0431\u043e\u043b\u044c\u0448\u0435? http://t.co/Z2ykAP4H #android, #androidgames, #gameinsight','\u0428\u0443\u043b\u044c\u0436\u0435\u043d\u043a\u043e \u0410\u043b\u0435\u043a\u0441\u0430\u043d\u0434\u0440')
COMMIT
INSERT INTO TWEETENTITY VALUES(579,291994210557624321,'2013-01-17 20:43:39.000000',0,'\u0423\u0440\u043e\u0436\u0430\u0439 \u0441\u043e\u0431\u0440\u0430\u043d - 2,455 \u0435\u0434\u044b! \u0422\u044b \u0442\u043e\u0436\u0435 \u043f\u0440\u043e\u0432\u0435\u0440\u044c \u0441\u0432\u043e\u0438 \u0433\u0440\u044f\u0434\u043a\u0438! http://t.co/bs625OnL #android, #androidgames, #gameinsight','\u0428\u0443\u043b\u044c\u0436\u0435\u043d\u043a\u043e \u0410\u043b\u0435\u043a\u0441\u0430\u043d\u0434\u0440')
COMMIT
INSERT INTO TWEETENTITY VALUES(580,291994211555885056,'2013-01-17 20:43:39.000000',0,'\u042f \u043e\u0442\u043a\u0440\u044b\u043b \u043d\u043e\u0432\u0443\u044e \u0442\u0435\u0440\u0440\u0438\u0442\u043e\u0440\u0438\u044e \u0432 \u0422\u0443\u0437\u0435\u043c\u0446\u0430\u0445! \u0414\u0430\u0432\u0430\u0439 \u0438\u0441\u0441\u043b\u0435\u0434\u043e\u0432\u0430\u0442\u044c \u043e\u0441\u0442\u0440\u043e\u0432 \u0432\u043c\u0435\u0441\u0442\u0435! http://t.co/4p132ztJ #android, #androidgames, #gameinsight','\u0421\u0435\u0440\u0433\u0435\u0439 \u041f\u0435\u0442\u0440\u043e\u0432')
COMMIT
INSERT INTO TWEETENTITY VALUES(581,291994212348592128,'2013-01-17 20:43:39.000000',0,'\u041b\u0430\u0432\u043a\u0430 \u0448\u0430\u043c\u0430\u043d\u0430 \u0440\u0430\u0434\u0443\u0435\u0442 \u0442\u0443\u0437\u0435\u043c\u0446\u0435\u0432! \u0422\u0435\u043f\u0435\u0440\u044c \u043c\u043e\u0439 \u043e\u0441\u0442\u0440\u043e\u0432 \u0441\u0442\u0430\u043b \u0435\u0449\u0435 \u043a\u0440\u0443\u0447\u0435! http://t.co/2FqOfCXA #android, #androidgames, #gameinsight','\u0428\u0443\u043b\u044c\u0436\u0435\u043d\u043a\u043e \u0410\u043b\u0435\u043a\u0441\u0430\u043d\u0434\u0440')
COMMIT
INSERT INTO TWEETENTITY VALUES(582,291994214902923264,'2013-01-17 20:43:40.000000',0,'\u042f \u0441\u043e\u0431\u0440\u0430\u043b 31,944 \u0437\u043e\u043b\u043e\u0442\u044b\u0445 \u043c\u043e\u043d\u0435\u0442! \u041a\u0442\u043e \u0438\u0437 \u0432\u0430\u0441 \u0441\u043c\u043e\u0436\u0435\u0442 \u0431\u043e\u043b\u044c\u0448\u0435? http://t.co/CO1A1YOn #android, #androidgames, #gameinsight','kaizer')
COMMIT
INSERT INTO TWEETENTITY VALUES(583,291994215334940673,'2013-01-17 20:43:40.000000',0,'@_ruin Win8\u306e\u5b9f\u614b\u306f\u30bd\u30d5\u30c8\u30b9\u30c8\u30a2\u3067\u5132\u3051\u3092\u51fa\u3059\u3001apple\u3084android\u306e\u771f\u4f3c\u3063\u3053\u306a\u3093\u3067\u3059','w11a')
COMMIT
INSERT INTO TWEETENTITY VALUES(584,291994215641120768,'2013-01-17 20:43:40.000000',0,'\u0627\u0644\u0635\u062f\u0627\u0639 \u0627\u0644\u0646\u0635\u0641\u064a \u0644\u062f\u0649 \u0627\u0644\u0633\u064a\u062f\u0627\u062a \u064a\u0632\u064a\u062f \u0627\u0644\u0625\u0635\u0627\u0628\u0629 \u0628\u0623\u0632\u0645\u0627\u062a \u0627\u0644\u0642\u0644\u0628:\u000ahttp://t.co/HFXN1Lkw\u000a\u000aShared via UAE News for Android.','* um hazaa*')
COMMIT
INSERT INTO TWEETENTITY VALUES(585,291994216366735361,'2013-01-17 20:43:40.000000',0,'\u043f\u0440\u043e\u0433\u0440\u0430\u043c\u043c\u043a\u0438 \u0431\u0435\u0441\u043f\u043b\u0430\u0442\u043d\u043e \u0441\u043a\u0430\u0447\u0430\u0442\u044c  http://t.co/ruAh9nMk  http://t.co/TGsa1WO2','\u0414\u043e\u043b\u0430\u043d \u041a\u043e\u043b\u043e\u0440\u043e\u0432')
COMMIT
INSERT INTO TWEETENTITY VALUES(586,291994216786178050,'2013-01-17 20:43:40.000000',0,'The "Farm" collection in Big Business has been completed! 79 http://t.co/GF1aGGQa #android #gameinsight #androidgames','kitifi')
COMMIT
INSERT INTO TWEETENTITY VALUES(587,291994217243357184,'2013-01-17 20:43:41.000000',0,'\u042f \u0441\u043e\u0431\u0440\u0430\u043b 10,295 \u0437\u043e\u043b\u043e\u0442\u044b\u0445 \u043c\u043e\u043d\u0435\u0442! \u041a\u0442\u043e \u0438\u0437 \u0432\u0430\u0441 \u0441\u043c\u043e\u0436\u0435\u0442 \u0431\u043e\u043b\u044c\u0448\u0435? http://t.co/dS1PUky1 #android, #androidgames, #gameinsight','\u041d\u0430\u0434\u044f \u041d\u0438\u043a\u0438\u0442\u0438\u043d\u0430')
COMMIT
INSERT INTO TWEETENTITY VALUES(588,291994217780236290,'2013-01-17 20:43:41.000000',0,'\u0423\u0440\u043e\u0436\u0430\u0439 \u0441\u043e\u0431\u0440\u0430\u043d - 2,103 \u0435\u0434\u044b! \u0422\u044b \u0442\u043e\u0436\u0435 \u043f\u0440\u043e\u0432\u0435\u0440\u044c \u0441\u0432\u043e\u0438 \u0433\u0440\u044f\u0434\u043a\u0438! http://t.co/HTqPDwzN #android, #androidgames, #gameinsight','kaizer')
COMMIT
INSERT INTO TWEETENTITY VALUES(589,291994218585538560,'2013-01-17 20:43:41.000000',0,'Check out WhatsApp Messenger for BlackBerry, Android, iPhone, Nokia and Windows Phone. Download it today from http://t.co/NTrYsTeP','x_J U N A I D_x')
COMMIT
INSERT INTO TWEETENTITY VALUES(590,291994221727055872,'2013-01-17 20:43:42.000000',0,'\u041c\u043e\u0435 \u043d\u043e\u0432\u043e\u0435 \u0434\u043e\u0441\u0442\u0438\u0436\u0435\u043d\u0438\u0435 `\u041e\u0440\u0430\u043a\u0443\u043b`. \u041f\u043e\u043f\u0440\u043e\u0431\u0443\u0439 \u043f\u0440\u0435\u0432\u0437\u043e\u0439\u0442\u0438 \u043c\u0435\u043d\u044f \u0432 The Tribez \u0434\u043b\u044f #Android! http://t.co/UY1ETvVb #androidgames, #gameinsight',' Okcana Filippova')
COMMIT
INSERT INTO TWEETENTITY VALUES(591,291994221823549440,'2013-01-17 20:43:42.000000',0,'\u0441\u043a\u0430\u0447\u0430\u0442\u044c \u043f\u0440\u043e\u0433\u0440\u0430\u043c\u043c\u0443 \u0441\u043e\u043d\u0438  http://t.co/NttrUWKa  http://t.co/R5kiNjj8','\u0414\u043e\u043b\u0430\u043d \u041a\u043e\u043b\u043e\u0440\u043e\u0432')
COMMIT
INSERT INTO TWEETENTITY VALUES(592,291994221949366274,'2013-01-17 20:43:42.000000',0,'justo complet\u00f3 una runtastic excursi\u00f3n en bicicleta de mano of 13,87 km en 1h 34m con #runtastic Android App: http://t.co/R5GNIt7c','Gina Rojas')
COMMIT
INSERT INTO TWEETENTITY VALUES(593,291994222662385665,'2013-01-17 20:43:42.000000',0,'\u041c\u043e\u0435 \u043d\u043e\u0432\u043e\u0435 \u0434\u043e\u0441\u0442\u0438\u0436\u0435\u043d\u0438\u0435 `\u041b\u044e\u0431\u0438\u0442...`. \u041f\u043e\u043f\u0440\u043e\u0431\u0443\u0439 \u043f\u0440\u0435\u0432\u0437\u043e\u0439\u0442\u0438 \u043c\u0435\u043d\u044f \u0432 The Tribez \u0434\u043b\u044f #Android! http://t.co/CUtoYpLn #androidgames, #gameinsight','osirina')
COMMIT
INSERT INTO TWEETENTITY VALUES(594,291994222679191552,'2013-01-17 20:43:42.000000',0,'I''ve collected 7,470 gold coins! http://t.co/6TVJMM5I #android, #androidgames, #gameinsight','josh allington')
COMMIT
INSERT INTO TWEETENTITY VALUES(595,291994222813380608,'2013-01-17 20:43:42.000000',0,'I''ve completed Lost and Found collection!\u000ahttp://t.co/MdMujt7I #android #androidgames #gameinsight','Aksel Andresen')
COMMIT
INSERT INTO TWEETENTITY VALUES(596,291994223933288448,'2013-01-17 20:43:42.000000',0,'Keep Track of Your Schedule with this Helpful Android App http://t.co/hG9LUEpj via @MAU_FL','Millennia Atlantic U')
COMMIT
INSERT INTO TWEETENTITY VALUES(597,291994225246085122,'2013-01-17 20:43:42.000000',0,'Samsung GALAXY   SUPER Especial !!\u000a  \u000aGT-P3113TSYXAR\u000a  \u000aSamsung Galaxy Tab 2 - 7" WiFi - Android 4.0 \u2013 1GB - 8 GB\u000a  Precio $204.17','Wintel Corp')
COMMIT
INSERT INTO TWEETENTITY VALUES(598,291994226118508544,'2013-01-17 20:43:43.000000',0,'Selecionamos tr\u00eas apps Android que est\u00e3o pela metade do pre\u00e7o na Google Play!: Quer aproveitar tr\u00eas aplicativos ... http://t.co/fq1cKarW','Claudio Luciano ')
COMMIT
INSERT INTO TWEETENTITY VALUES(599,291994226818949123,'2013-01-17 20:43:43.000000',0,'( \u275b\u1d17\u275b )Kindle\u30b9\u30c8\u30a2(\u30ad\u30f3\u30c9\u30eb\u30b9\u30c8\u30a2)\u521d\u4f53\u9a13\u300c\u50d5\u306f\u53cb\u9054\u304c\u5c11\u306a\u3044\u300d\u3082\u300c\u7dcb\u5f3e\u306e\u30a2\u30ea\u30a2\u300d\u3082\u300c\u30b3\u30b3\u30ed\u30b3\u30cd\u30af\u30c8\u300d\u3082\u4eca\u3059\u3050\u8aad\u3081\u307e\u3059\u3002iPhone\u3001Android\u5bfe\u5fdc\u3067\u3059\u3002  http://t.co/lhVuQPAG','PS\u30dd\u30f3\u30bf PSvita\u8cb7\u3044\u307e\u3057\u305f\u266a')
COMMIT
INSERT INTO TWEETENTITY VALUES(600,291994226705719296,'2013-01-17 20:43:43.000000',0,'Just reached level 14 on Paradise Island on my Android http://t.co/eWnZZo1M #Android #Androidgames #Gameinsight','jeff')
COMMIT
INSERT INTO TWEETENTITY VALUES(601,291994229310357504,'2013-01-17 20:43:43.000000',0,'\u042f \u043f\u0440\u043e\u0448\u0435\u043b \u043a\u0432\u0435\u0441\u0442 ''\u0418\u0441\u0441\u043b\u0435\u0434\u043e\u0432\u0430\u0442\u044c \u0430\u043d\u043e\u043c\u0430\u043b\u0438\u044e \u041d\u041b\u041e.'' \u0432 The Tribez \u043d\u0430 #Android.http://t.co/q2femfK3 #androidgames, #gameinsight','osirina')
COMMIT
INSERT INTO TWEETENTITY VALUES(602,291994229465550849,'2013-01-17 20:43:43.000000',0,'@KojudoMayor @xvillalba1 uso Android en mi S3','Ivan')
COMMIT
INSERT INTO TWEETENTITY VALUES(603,291994231269122048,'2013-01-17 20:43:44.000000',0,'The "Printing office" collection in Big Business has been completed! 0 http://t.co/GF1aGGQa #android #gameinsight #androidgames','kitifi')
COMMIT
INSERT INTO TWEETENTITY VALUES(604,291994232086986753,'2013-01-17 20:43:44.000000',0,'Sony: High-end Android is the future http://t.co/C4DvBOOa','fugoji')
COMMIT
INSERT INTO TWEETENTITY VALUES(605,291994232162492417,'2013-01-17 20:43:44.000000',0,'@ideym aplicaciones gratis http://t.co/9AJ2UF9l para android','Alex  Rold\u00e1n ')
COMMIT
INSERT INTO TWEETENTITY VALUES(606,291994234997858306,'2013-01-17 20:43:45.000000',0,'RT @cremedlaclassic: "@WhyAllThatNeck: I cant classify my phone as an android I can see emojis" I mean you only have to download the app ...','Zeus')
COMMIT
INSERT INTO TWEETENTITY VALUES(607,291994235027197952,'2013-01-17 20:43:45.000000',0,'\u042f \u043f\u043e\u043b\u0443\u0447\u0438\u043b\u00a022 \u0443\u0440\u043e\u0432\u0435\u043d\u044c \u0432 The Tribez! \u041f\u0440\u0438\u0441\u043e\u0435\u0434\u0438\u043d\u044f\u0439\u0441\u044f \u0438 \u043e\u0431\u0433\u043e\u043d\u0438 \u043c\u0435\u043d\u044f! http://t.co/CJ8D6uV5 #android, #androidgames, #gameinsight','\u0410\u043d\u0434\u0440\u0435\u0439 \u041d\u0438\u043b\u043e\u0432')
COMMIT
INSERT INTO TWEETENTITY VALUES(608,291994235853484032,'2013-01-17 20:43:45.000000',0,'Samsung \u0430\u043d\u043e\u043d\u0441\u0438\u0440\u043e\u0432\u0430\u043b\u0430 \u0440\u0435\u043b\u0438\u0437 Android 4.1.2 \u0434\u043b\u044f \u043f\u043b\u0430\u043d\u0448\u0435\u0442\u043e\u0444\u043e\u043d\u0430 Galaxy Note /  / \u041a\u043e\u0440\u0435\u0439\u0441\u043a\u0430\u044f \u043a\u043e\u043c\u043f\u0430\u043d\u0438\u044f Samsung \u043e\u0431\u044a\u044f\u0432\u0438\u043b\u0430 \u043e\u0431... http://t.co/lCjOI1ml','\u0414\u043c\u0438\u0442\u0440\u0438\u0439 \u0413\u0443\u0441\u0435\u0432')
COMMIT
INSERT INTO TWEETENTITY VALUES(609,291994240374943744,'2013-01-17 20:43:46.000000',0,'I''m earning rewards in Lucky Bingo Android. http://t.co/CqK22I7F #mPOINTS','christal medrano')
COMMIT
INSERT INTO TWEETENTITY VALUES(610,291994240131686400,'2013-01-17 20:43:46.000000',0,'I have Warehouse on my island! Now my island is even more awesome! http://t.co/qGaKqGFI #android, #androidgames, #gameinsight','Songdech')
COMMIT
INSERT INTO TWEETENTITY VALUES(611,291994241503215616,'2013-01-17 20:43:46.000000',0,'RT @MLYEinc: Add our interactive Facebook page on Flipboard today! You can download Flipboard app from the Apple App Store or Android Pl ...','Daniel Parson')
COMMIT
INSERT INTO TWEETENTITY VALUES(612,291994241939406849,'2013-01-17 20:43:46.000000',0,'I''ve harvested 375 of food! http://t.co/G50bsz7b #android, #androidgames, #gameinsight','josh allington')
COMMIT
INSERT INTO TWEETENTITY VALUES(613,291994245240332289,'2013-01-17 20:43:47.000000',0,'I''ve just received an achievement: Stockman http://t.co/iGvhtDQo #Android #Androidgames #Gameinsight','stanciu simina')
COMMIT
INSERT INTO TWEETENTITY VALUES(614,291994247006154752,'2013-01-17 20:43:48.000000',0,'I''ve collected 10,020 gold coins! http://t.co/6TVJMM5I #android, #androidgames, #gameinsight','josh allington')
COMMIT
INSERT INTO TWEETENTITY VALUES(615,291994248063098880,'2013-01-17 20:43:48.000000',0,'\u042f \u043f\u043e\u043b\u0443\u0447\u0438\u043b\u00a028 \u0443\u0440\u043e\u0432\u0435\u043d\u044c \u0432 The Tribez! \u041f\u0440\u0438\u0441\u043e\u0435\u0434\u0438\u043d\u044f\u0439\u0441\u044f \u0438 \u043e\u0431\u0433\u043e\u043d\u0438 \u043c\u0435\u043d\u044f! http://t.co/FPMHLkWT #android, #androidgames, #gameinsight','\u0428\u0443\u043b\u044c\u0436\u0435\u043d\u043a\u043e \u0410\u043b\u0435\u043a\u0441\u0430\u043d\u0434\u0440')
COMMIT
INSERT INTO TWEETENTITY VALUES(616,291994248637730816,'2013-01-17 20:43:48.000000',0,'\u041f\u0440\u0438\u0445\u043e\u0434\u0438 \u043e\u0442\u043f\u0440\u0430\u0437\u0434\u043d\u043e\u0432\u0430\u0442\u044c \u0432\u044b\u043f\u043e\u043b\u043d\u0435\u043d\u043d\u043e\u0435 \u043c\u043d\u043e\u0439 \u0437\u0430\u0434\u0430\u043d\u0438\u0435 "\u0425\u0440\u0430\u043d\u0438\u043b\u0438\u0449\u0435" \u0432 \u041a\u043e\u0440\u043e\u043b\u0435\u0432\u0441\u0442\u0432\u0435!http://t.co/H8h6hDRU #Android #AndroidGames #GameInsight','ivan ivanov')
COMMIT
INSERT INTO TWEETENTITY VALUES(617,291994249099112448,'2013-01-17 20:43:48.000000',0,'The "Heavy machinery" collection in Big Business has been completed! 83 http://t.co/GF1aGGQa #android #gameinsight #androidgames','kitifi')
COMMIT
INSERT INTO TWEETENTITY VALUES(618,291994249652752384,'2013-01-17 20:43:48.000000',0,'Kacoso 2 Cameras Muti-Touch 7 inch Android Tablet @ http://t.co/awqZpSwY http://t.co/07zUinGH\u000a #DailyDeals','iVoucherz UK')
COMMIT
INSERT INTO TWEETENTITY VALUES(619,291994251074605057,'2013-01-17 20:43:49.000000',0,'RT @ch3ckmat3: Confused about Android Terminology? Here''s 35 useful definitions! | http://t.co/olXNBcqJ #Android #Mobile #Dev','Faisal Iqbal')
COMMIT
INSERT INTO TWEETENTITY VALUES(620,291994252257415168,'2013-01-17 20:43:49.000000',0,'I''ve harvested 833 of food! http://t.co/G50bsz7b #android, #androidgames, #gameinsight','josh allington')
COMMIT
INSERT INTO TWEETENTITY VALUES(621,291994253196939264,'2013-01-17 20:43:49.000000',0,'I have completed the quest ''Trading Post.'' in the #Android game The Tribez. http://t.co/u0CHMMQL #androidgames, #gameinsight','paulas smith')
COMMIT
INSERT INTO TWEETENTITY VALUES(622,291994253381484544,'2013-01-17 20:43:49.000000',0,'I''ve collected 1,339,531 gold coins! http://t.co/2mYjIq5J #android, #androidgames, #gameinsight','Lorie Bremer')
COMMIT
INSERT INTO TWEETENTITY VALUES(623,291994253897367552,'2013-01-17 20:43:49.000000',0,'\u041b\u0430\u0432\u043a\u0430 \u0448\u0430\u043c\u0430\u043d\u0430 \u0440\u0430\u0434\u0443\u0435\u0442 \u0442\u0443\u0437\u0435\u043c\u0446\u0435\u0432! \u0422\u0435\u043f\u0435\u0440\u044c \u043c\u043e\u0439 \u043e\u0441\u0442\u0440\u043e\u0432 \u0441\u0442\u0430\u043b \u0435\u0449\u0435 \u043a\u0440\u0443\u0447\u0435! http://t.co/fh82mc8l #android, #androidgames, #gameinsight','a2754644@rmqkr.net')
COMMIT
INSERT INTO TWEETENTITY VALUES(624,291994255130501120,'2013-01-17 20:43:50.000000',0,'I''ve earned a new achievement: `Barista`. Try to beat me in the #Android game The Tribez! http://t.co/TAgi4ljO #androidgames, #gameinsight','Jennifer McCracken')
COMMIT
INSERT INTO TWEETENTITY VALUES(625,291994255172440065,'2013-01-17 20:43:50.000000',0,'I have Dino`s Lair on my island! Now my island is even more awesome! http://t.co/qGaKqGFI #android, #androidgames, #gameinsight','Songdech')
COMMIT
INSERT INTO TWEETENTITY VALUES(626,291994256372023296,'2013-01-17 20:43:50.000000',0,'\u30e2\u30a4\uff01Android\u304b\u3089\u30c4\u30a4\u30ad\u30e3\u30b9\u3067\u914d\u4fe1\u4e2d - http://t.co/P95guejL','\u30ab\u30fc\u30a4\u30bf\u30bd\uff08\u307e\u3044\u306b\u3083\u3093\u306e\u7537\uff09')
COMMIT
INSERT INTO TWEETENTITY VALUES(627,291994256451715073,'2013-01-17 20:43:50.000000',0,'\u041f\u043e\u043b\u0443\u0447\u0438\u043b \u043d\u0430\u0433\u0440\u0430\u0434\u0443: \u0423\u0434\u0430\u0447\u043b\u0438\u0432\u044b\u0439 http://t.co/snsHxIrf #Android #Androidgames #Gameinsight','\u043c\u0430\u0440\u0438\u043c\u0430 \u043a\u0440\u0430\u0441\u0430')
COMMIT
INSERT INTO TWEETENTITY VALUES(628,291994256564973568,'2013-01-17 20:43:50.000000',0,'@adrimcliberty #CancionesQueSonPerfectas Paranoid Android de Radiohead','Daniel Larusso')
COMMIT
INSERT INTO TWEETENTITY VALUES(629,291994256703361024,'2013-01-17 20:43:50.000000',0,'I''ve collected 10,200 gold coins! http://t.co/6TVJMM5I #android, #androidgames, #gameinsight','josh allington')
COMMIT
INSERT INTO TWEETENTITY VALUES(630,291994256757903360,'2013-01-17 20:43:50.000000',0,'scored DEFENSE 101 on Android App "ZOOKEEPER BATTLE"! #a_vsz https://t.co/nEMqqUwt','Fabio Daniele')
COMMIT
INSERT INTO TWEETENTITY VALUES(631,291994257114423296,'2013-01-17 20:43:50.000000',0,'@ Me though RT @DEFiiANT: \u2757\u2757\u2757this RT @ThatGoldenKid: A lot of y''all hoes out here wit body''s like the android dude thinkin y''all bad smh','sam knox!')
COMMIT
INSERT INTO TWEETENTITY VALUES(632,291994257655492609,'2013-01-17 20:43:50.000000',0,'RT @AndroidBeat: Sony Xperia Z to get Android 4.2 ''shortly after launch'' http://t.co/Bs6K7Avf','agung s gunawan')
COMMIT
INSERT INTO TWEETENTITY VALUES(633,291994258397868033,'2013-01-17 20:43:50.000000',0,'\u0423\u0440\u043e\u0436\u0430\u0439 \u0441\u043e\u0431\u0440\u0430\u043d - 752 \u0435\u0434\u044b! \u0422\u044b \u0442\u043e\u0436\u0435 \u043f\u0440\u043e\u0432\u0435\u0440\u044c \u0441\u0432\u043e\u0438 \u0433\u0440\u044f\u0434\u043a\u0438! http://t.co/9Jvm3q4F #android, #androidgames, #gameinsight','\u041d\u0430\u0434\u044f \u041d\u0438\u043a\u0438\u0442\u0438\u043d\u0430')
COMMIT
INSERT INTO TWEETENTITY VALUES(634,291994258330759170,'2013-01-17 20:43:50.000000',0,'RT @harald_ddk: iPhone > Android > Nokia> t\u00e9l\u00e9phone> Machine \u00e0 \u00e9crire > Message dans une bouteille > Pigeon voyageur & ...','')
COMMIT
INSERT INTO TWEETENTITY VALUES(635,291994260801220608,'2013-01-17 20:43:51.000000',0,'I''ve harvested 34,958 of food! http://t.co/Ni5AwqRT #android, #androidgames, #gameinsight','Lorie Bremer')
COMMIT
INSERT INTO TWEETENTITY VALUES(636,291994261145124864,'2013-01-17 20:43:51.000000',0,'@SirScoots spotify hands down.. Playlists.. With android and iPhone u can use it to sync your existing music and songs u find.. Just awesome','Darryl Kucmerowski')
COMMIT
INSERT INTO TWEETENTITY VALUES(637,291994261434548224,'2013-01-17 20:43:51.000000',0,'Lass uns feiern! Ich habe einen Auftrag erf\u00fcllt, Energiequelle! Dieses Spiel ist fantastisch!http://t.co/CyJNs0DR #Android #AndroidGames','Carola  Sch\u00fctt ')
COMMIT
INSERT INTO TWEETENTITY VALUES(638,291994261916889088,'2013-01-17 20:43:51.000000',0,'My Android''s updating for the first time. Cute Android man has a thing rotating in his belly. It''s soooo cute. #girltweets','Rachael Clarke')
COMMIT
INSERT INTO TWEETENTITY VALUES(639,291994260402753536,'2013-01-17 20:43:51.000000',0,'Start playing Rock the Vegas on Android! http://t.co/hY646Ajb #Android #Androidgames #Gameinsight http://t.co/pZTLJBL9','islandparadis')
COMMIT
